<?xml version="1.0" encoding="UTF-8"?>
<coverage generated="1778955647115" clover="3.2.0">
  <project timestamp="1778955647115" name="All files">
    <metrics statements="263" coveredstatements="182" conditionals="143" coveredconditionals="81" methods="140" coveredmethods="64" elements="546" coveredelements="327" complexity="0" loc="263" ncloc="263" packages="6" files="16" classes="16"/>
    <package name="src">
      <metrics statements="38" coveredstatements="19" conditionals="30" coveredconditionals="6" methods="23" coveredmethods="9"/>
      <file name="App.tsx" path="/home/user/Desktop/gavmor/mhr/src/App.tsx">
        <metrics statements="38" coveredstatements="19" conditionals="30" coveredconditionals="6" methods="23" coveredmethods="9"/>
        <line num="59" count="7" type="stmt"/>
        <line num="61" count="1" type="stmt"/>
        <line num="98" count="7" type="stmt"/>
        <line num="99" count="7" type="stmt"/>
        <line num="100" count="7" type="stmt"/>
        <line num="103" count="7" type="stmt"/>
        <line num="104" count="3" type="stmt"/>
        <line num="105" count="3" type="cond" truecount="2" falsecount="0"/>
        <line num="106" count="2" type="stmt"/>
        <line num="111" count="7" type="stmt"/>
        <line num="112" count="7" type="stmt"/>
        <line num="113" count="1" type="stmt"/>
        <line num="115" count="7" type="stmt"/>
        <line num="118" count="7" type="stmt"/>
        <line num="119" count="1" type="stmt"/>
        <line num="122" count="7" type="stmt"/>
        <line num="123" count="1" type="stmt"/>
        <line num="124" count="1" type="stmt"/>
        <line num="127" count="7" type="stmt"/>
        <line num="139" count="0" type="stmt"/>
        <line num="145" count="0" type="stmt"/>
        <line num="155" count="0" type="stmt"/>
        <line num="156" count="0" type="stmt"/>
        <line num="157" count="0" type="stmt"/>
        <line num="166" count="0" type="stmt"/>
        <line num="170" count="0" type="stmt"/>
        <line num="176" count="0" type="stmt"/>
        <line num="180" count="0" type="stmt"/>
        <line num="181" count="0" type="cond" truecount="0" falsecount="2"/>
        <line num="182" count="0" type="stmt"/>
        <line num="183" count="0" type="cond" truecount="0" falsecount="2"/>
        <line num="184" count="0" type="cond" truecount="0" falsecount="4"/>
        <line num="185" count="0" type="cond" truecount="0" falsecount="4"/>
        <line num="188" count="0" type="cond" truecount="0" falsecount="2"/>
        <line num="189" count="0" type="cond" truecount="0" falsecount="2"/>
        <line num="191" count="0" type="cond" truecount="0" falsecount="2"/>
        <line num="192" count="0" type="cond" truecount="0" falsecount="2"/>
        <line num="194" count="0" type="stmt"/>
      </file>
    </package>
    <package name="src.components">
      <metrics statements="13" coveredstatements="5" conditionals="4" coveredconditionals="2" methods="4" coveredmethods="2"/>
      <file name="JsonModal.tsx" path="/home/user/Desktop/gavmor/mhr/src/components/JsonModal.tsx">
        <metrics statements="13" coveredstatements="5" conditionals="4" coveredconditionals="2" methods="4" coveredmethods="2"/>
        <line num="11" count="7" type="stmt"/>
        <line num="13" count="7" type="stmt"/>
        <line num="14" count="7" type="cond" truecount="1" falsecount="1"/>
        <line num="15" count="0" type="stmt"/>
        <line num="19" count="7" type="stmt"/>
        <line num="20" count="0" type="stmt"/>
        <line num="21" count="0" type="stmt"/>
        <line num="22" count="0" type="stmt"/>
        <line num="23" count="0" type="stmt"/>
        <line num="25" count="0" type="stmt"/>
        <line num="29" count="7" type="cond" truecount="1" falsecount="1"/>
        <line num="31" count="0" type="stmt"/>
        <line num="42" count="0" type="stmt"/>
      </file>
    </package>
    <package name="src.components.assembler">
      <metrics statements="78" coveredstatements="77" conditionals="52" coveredconditionals="44" methods="24" coveredmethods="22"/>
      <file name="Assembler.tsx" path="/home/user/Desktop/gavmor/mhr/src/components/assembler/Assembler.tsx">
        <metrics statements="39" coveredstatements="39" conditionals="12" coveredconditionals="8" methods="15" coveredmethods="14"/>
        <line num="5" count="2" type="stmt"/>
        <line num="7" count="19" type="stmt"/>
        <line num="8" count="8" type="stmt"/>
        <line num="9" count="80" type="stmt"/>
        <line num="10" count="8" type="stmt"/>
        <line num="13" count="19" type="stmt"/>
        <line num="16" count="19" type="stmt"/>
        <line num="17" count="4" type="stmt"/>
        <line num="22" count="4" type="cond" truecount="1" falsecount="1"/>
        <line num="26" count="19" type="stmt"/>
        <line num="27" count="1" type="stmt"/>
        <line num="28" count="1" type="stmt"/>
        <line num="29" count="1" type="stmt"/>
        <line num="30" count="1" type="stmt"/>
        <line num="32" count="1" type="stmt"/>
        <line num="34" count="1" type="stmt"/>
        <line num="35" count="1" type="stmt"/>
        <line num="36" count="1" type="stmt"/>
        <line num="38" count="1" type="stmt"/>
        <line num="40" count="1" type="cond" truecount="1" falsecount="1"/>
        <line num="44" count="19" type="stmt"/>
        <line num="45" count="1" type="stmt"/>
        <line num="46" count="1" type="stmt"/>
        <line num="47" count="1" type="stmt"/>
        <line num="48" count="1" type="stmt"/>
        <line num="49" count="1" type="stmt"/>
        <line num="50" count="1" type="stmt"/>
        <line num="52" count="1" type="cond" truecount="1" falsecount="1"/>
        <line num="55" count="1" type="stmt"/>
        <line num="56" count="1" type="stmt"/>
        <line num="60" count="19" type="stmt"/>
        <line num="61" count="1" type="stmt"/>
        <line num="62" count="10" type="stmt"/>
        <line num="63" count="1" type="stmt"/>
        <line num="64" count="1" type="cond" truecount="1" falsecount="1"/>
        <line num="67" count="19" type="stmt"/>
        <line num="79" count="190" type="stmt"/>
        <line num="83" count="4" type="stmt"/>
        <line num="100" count="5" type="stmt"/>
      </file>
      <file name="DieShape.tsx" path="/home/user/Desktop/gavmor/mhr/src/components/assembler/DieShape.tsx">
        <metrics statements="14" coveredstatements="14" conditionals="30" coveredconditionals="29" methods="3" coveredmethods="3"/>
        <line num="10" count="6" type="cond" truecount="2" falsecount="0"/>
        <line num="12" count="190" type="stmt"/>
        <line num="13" count="190" type="stmt"/>
        <line num="14" count="190" type="stmt"/>
        <line num="15" count="190" type="stmt"/>
        <line num="17" count="190" type="cond" truecount="1" falsecount="1"/>
        <line num="19" count="190" type="cond" truecount="6" falsecount="0"/>
        <line num="21" count="29" type="stmt"/>
        <line num="28" count="40" type="stmt"/>
        <line num="35" count="56" type="stmt"/>
        <line num="42" count="36" type="stmt"/>
        <line num="49" count="28" type="stmt"/>
        <line num="56" count="1" type="stmt"/>
        <line num="60" count="190" type="stmt"/>
      </file>
      <file name="InteractiveDie.tsx" path="/home/user/Desktop/gavmor/mhr/src/components/assembler/InteractiveDie.tsx">
        <metrics statements="23" coveredstatements="22" conditionals="10" coveredconditionals="7" methods="6" coveredmethods="5"/>
        <line num="12" count="3" type="stmt"/>
        <line num="13" count="9" type="stmt"/>
        <line num="14" count="9" type="stmt"/>
        <line num="15" count="9" type="stmt"/>
        <line num="17" count="9" type="stmt"/>
        <line num="18" count="5" type="stmt"/>
        <line num="19" count="5" type="stmt"/>
        <line num="20" count="5" type="stmt"/>
        <line num="21" count="5" type="stmt"/>
        <line num="22" count="2" type="cond" truecount="1" falsecount="1"/>
        <line num="23" count="2" type="stmt"/>
        <line num="24" count="2" type="stmt"/>
        <line num="28" count="9" type="stmt"/>
        <line num="29" count="4" type="stmt"/>
        <line num="30" count="4" type="cond" truecount="1" falsecount="1"/>
        <line num="33" count="4" type="cond" truecount="4" falsecount="0"/>
        <line num="34" count="2" type="stmt"/>
        <line num="38" count="9" type="stmt"/>
        <line num="39" count="1" type="stmt"/>
        <line num="40" count="1" type="stmt"/>
        <line num="41" count="1" type="cond" truecount="1" falsecount="1"/>
        <line num="44" count="9" type="stmt"/>
        <line num="49" count="0" type="stmt"/>
      </file>
      <file name="constants.ts" path="/home/user/Desktop/gavmor/mhr/src/components/assembler/constants.ts">
        <metrics statements="2" coveredstatements="2" conditionals="0" coveredconditionals="0" methods="0" coveredmethods="0"/>
        <line num="9" count="2" type="stmt"/>
        <line num="22" count="2" type="stmt"/>
      </file>
    </package>
    <package name="src.components.character">
      <metrics statements="86" coveredstatements="36" conditionals="34" coveredconditionals="9" methods="73" coveredmethods="16"/>
      <file name="HeaderSection.tsx" path="/home/user/Desktop/gavmor/mhr/src/components/character/HeaderSection.tsx">
        <metrics statements="29" coveredstatements="7" conditionals="10" coveredconditionals="2" methods="17" coveredmethods="4"/>
        <line num="13" count="7" type="stmt"/>
        <line num="14" count="0" type="stmt"/>
        <line num="15" count="0" type="cond" truecount="0" falsecount="2"/>
        <line num="16" count="0" type="stmt"/>
        <line num="17" count="0" type="stmt"/>
        <line num="18" count="0" type="cond" truecount="0" falsecount="2"/>
        <line num="19" count="0" type="stmt"/>
        <line num="22" count="0" type="stmt"/>
        <line num="26" count="7" type="stmt"/>
        <line num="27" count="0" type="stmt"/>
        <line num="28" count="0" type="stmt"/>
        <line num="29" count="0" type="stmt"/>
        <line num="32" count="7" type="stmt"/>
        <line num="33" count="0" type="stmt"/>
        <line num="34" count="0" type="stmt"/>
        <line num="35" count="0" type="stmt"/>
        <line num="38" count="7" type="stmt"/>
        <line num="48" count="1" type="stmt"/>
        <line num="56" count="0" type="stmt"/>
        <line num="62" count="0" type="stmt"/>
        <line num="92" count="21" type="stmt"/>
        <line num="93" count="0" type="stmt"/>
        <line num="104" count="21" type="stmt"/>
        <line num="109" count="0" type="stmt"/>
        <line num="125" count="0" type="cond" truecount="0" falsecount="2"/>
        <line num="134" count="0" type="cond" truecount="0" falsecount="2"/>
        <line num="141" count="0" type="stmt"/>
        <line num="142" count="0" type="stmt"/>
        <line num="143" count="0" type="stmt"/>
      </file>
      <file name="MilestonesSection.tsx" path="/home/user/Desktop/gavmor/mhr/src/components/character/MilestonesSection.tsx">
        <metrics statements="14" coveredstatements="6" conditionals="2" coveredconditionals="0" methods="13" coveredmethods="2"/>
        <line num="11" count="7" type="stmt"/>
        <line num="13" count="7" type="stmt"/>
        <line num="14" count="0" type="stmt"/>
        <line num="23" count="7" type="stmt"/>
        <line num="24" count="0" type="cond" truecount="0" falsecount="2"/>
        <line num="27" count="7" type="stmt"/>
        <line num="28" count="0" type="stmt"/>
        <line num="31" count="7" type="stmt"/>
        <line num="36" count="6" type="stmt"/>
        <line num="39" count="0" type="stmt"/>
        <line num="47" count="0" type="stmt"/>
        <line num="58" count="0" type="stmt"/>
        <line num="67" count="0" type="stmt"/>
        <line num="76" count="0" type="stmt"/>
      </file>
      <file name="PowerSetsSection.tsx" path="/home/user/Desktop/gavmor/mhr/src/components/character/PowerSetsSection.tsx">
        <metrics statements="22" coveredstatements="8" conditionals="14" coveredconditionals="1" methods="28" coveredmethods="4"/>
        <line num="12" count="7" type="stmt"/>
        <line num="14" count="7" type="stmt"/>
        <line num="15" count="0" type="cond" truecount="0" falsecount="2"/>
        <line num="18" count="7" type="stmt"/>
        <line num="19" count="0" type="stmt"/>
        <line num="27" count="7" type="stmt"/>
        <line num="28" count="0" type="stmt"/>
        <line num="31" count="7" type="stmt"/>
        <line num="36" count="6" type="cond" truecount="1" falsecount="1"/>
        <line num="39" count="0" type="stmt"/>
        <line num="48" count="0" type="stmt"/>
        <line num="56" count="6" type="stmt"/>
        <line num="59" count="0" type="cond" truecount="0" falsecount="2"/>
        <line num="65" count="0" type="cond" truecount="0" falsecount="2"/>
        <line num="70" count="0" type="stmt"/>
        <line num="77" count="0" type="stmt"/>
        <line num="83" count="12" type="stmt"/>
        <line num="87" count="0" type="cond" truecount="0" falsecount="2"/>
        <line num="96" count="0" type="cond" truecount="0" falsecount="2"/>
        <line num="103" count="0" type="cond" truecount="0" falsecount="2"/>
        <line num="107" count="0" type="stmt"/>
        <line num="114" count="0" type="stmt"/>
      </file>
      <file name="SpecsSection.tsx" path="/home/user/Desktop/gavmor/mhr/src/components/character/SpecsSection.tsx">
        <metrics statements="12" coveredstatements="6" conditionals="2" coveredconditionals="0" methods="11" coveredmethods="2"/>
        <line num="11" count="7" type="stmt"/>
        <line num="13" count="7" type="stmt"/>
        <line num="14" count="0" type="stmt"/>
        <line num="17" count="7" type="stmt"/>
        <line num="18" count="0" type="cond" truecount="0" falsecount="2"/>
        <line num="21" count="7" type="stmt"/>
        <line num="22" count="0" type="stmt"/>
        <line num="25" count="7" type="stmt"/>
        <line num="30" count="12" type="stmt"/>
        <line num="31" count="0" type="stmt"/>
        <line num="36" count="0" type="stmt"/>
        <line num="41" count="0" type="stmt"/>
      </file>
      <file name="StressTrack.tsx" path="/home/user/Desktop/gavmor/mhr/src/components/character/StressTrack.tsx">
        <metrics statements="9" coveredstatements="9" conditionals="6" coveredconditionals="6" methods="4" coveredmethods="4"/>
        <line num="11" count="26" type="stmt"/>
        <line num="12" count="26" type="stmt"/>
        <line num="14" count="26" type="stmt"/>
        <line num="15" count="2" type="cond" truecount="2" falsecount="0"/>
        <line num="16" count="1" type="stmt"/>
        <line num="18" count="1" type="stmt"/>
        <line num="22" count="26" type="stmt"/>
        <line num="26" count="130" type="stmt"/>
        <line num="29" count="2" type="stmt"/>
      </file>
    </package>
    <package name="src.components.ui">
      <metrics statements="32" coveredstatements="32" conditionals="21" coveredconditionals="18" methods="12" coveredmethods="12"/>
      <file name="Dice.tsx" path="/home/user/Desktop/gavmor/mhr/src/components/ui/Dice.tsx">
        <metrics statements="14" coveredstatements="14" conditionals="8" coveredconditionals="8" methods="6" coveredmethods="6"/>
        <line num="11" count="27" type="stmt"/>
        <line num="12" count="34" type="stmt"/>
        <line num="13" count="53" type="stmt"/>
        <line num="14" count="34" type="stmt"/>
        <line num="15" count="27" type="stmt"/>
        <line num="17" count="3" type="stmt"/>
        <line num="18" count="177" type="cond" truecount="2" falsecount="0"/>
        <line num="19" count="177" type="cond" truecount="6" falsecount="0"/>
        <line num="20" count="27" type="stmt"/>
        <line num="21" count="34" type="stmt"/>
        <line num="22" count="53" type="stmt"/>
        <line num="23" count="34" type="stmt"/>
        <line num="24" count="27" type="stmt"/>
        <line num="25" count="2" type="stmt"/>
      </file>
      <file name="DieIcon.tsx" path="/home/user/Desktop/gavmor/mhr/src/components/ui/DieIcon.tsx">
        <metrics statements="7" coveredstatements="7" conditionals="6" coveredconditionals="5" methods="2" coveredmethods="2"/>
        <line num="4" count="2" type="stmt"/>
        <line num="14" count="47" type="stmt"/>
        <line num="15" count="3" type="stmt"/>
        <line num="16" count="3" type="cond" truecount="2" falsecount="0"/>
        <line num="17" count="3" type="stmt"/>
        <line num="18" count="3" type="cond" truecount="1" falsecount="1"/>
        <line num="21" count="47" type="stmt"/>
      </file>
      <file name="EditableTextarea.tsx" path="/home/user/Desktop/gavmor/mhr/src/components/ui/EditableTextarea.tsx">
        <metrics statements="11" coveredstatements="11" conditionals="7" coveredconditionals="5" methods="4" coveredmethods="4"/>
        <line num="12" count="55" type="stmt"/>
        <line num="14" count="55" type="stmt"/>
        <line num="15" count="32" type="stmt"/>
        <line num="16" count="32" type="cond" truecount="1" falsecount="1"/>
        <line num="17" count="32" type="stmt"/>
        <line num="18" count="32" type="stmt"/>
        <line num="22" count="55" type="stmt"/>
        <line num="23" count="31" type="stmt"/>
        <line num="26" count="55" type="stmt"/>
        <line num="34" count="1" type="cond" truecount="1" falsecount="1"/>
        <line num="35" count="1" type="stmt"/>
      </file>
    </package>
    <package name="src.lib">
      <metrics statements="16" coveredstatements="13" conditionals="2" coveredconditionals="2" methods="4" coveredmethods="3"/>
      <file name="persistence.ts" path="/home/user/Desktop/gavmor/mhr/src/lib/persistence.ts">
        <metrics statements="13" coveredstatements="13" conditionals="2" coveredconditionals="2" methods="3" coveredmethods="3"/>
        <line num="3" count="1" type="stmt"/>
        <line num="9" count="2" type="stmt"/>
        <line num="10" count="2" type="stmt"/>
        <line num="12" count="1" type="stmt"/>
        <line num="20" count="3" type="stmt"/>
        <line num="21" count="3" type="stmt"/>
        <line num="22" count="3" type="cond" truecount="2" falsecount="0"/>
        <line num="23" count="2" type="stmt"/>
        <line num="25" count="1" type="stmt"/>
        <line num="26" count="1" type="stmt"/>
        <line num="34" count="2" type="stmt"/>
        <line num="35" count="2" type="stmt"/>
        <line num="37" count="1" type="stmt"/>
      </file>
      <file name="utils.ts" path="/home/user/Desktop/gavmor/mhr/src/lib/utils.ts">
        <metrics statements="3" coveredstatements="0" conditionals="0" coveredconditionals="0" methods="1" coveredmethods="0"/>
        <line num="5" count="0" type="stmt"/>
        <line num="9" count="0" type="stmt"/>
        <line num="15" count="0" type="stmt"/>
      </file>
    </package>
  </project>
</coverage>
