{"/home/user/Desktop/gavmor/mhr/src/App.tsx": {"path":"/home/user/Desktop/gavmor/mhr/src/App.tsx","statementMap":{"0":{"start":{"line":59,"column":6},"end":{"line":59,"column":64}},"1":{"start":{"line":59,"column":25},"end":{"line":59,"column":64}},"2":{"start":{"line":61,"column":43},"end":{"line":95,"column":null}},"3":{"start":{"line":98,"column":22},"end":{"line":98,"column":86}},"4":{"start":{"line":99,"column":17},"end":{"line":99,"column":65}},"5":{"start":{"line":100,"column":28},"end":{"line":100,"column":65}},"6":{"start":{"line":103,"column":4},"end":{"line":108,"column":null}},"7":{"start":{"line":104,"column":14},"end":{"line":104,"column":49}},"8":{"start":{"line":105,"column":8},"end":{"line":106,"column":null}},"9":{"start":{"line":106,"column":12},"end":{"line":106,"column":null}},"10":{"start":{"line":111,"column":4},"end":{"line":116,"column":null}},"11":{"start":{"line":112,"column":26},"end":{"line":114,"column":16}},"12":{"start":{"line":113,"column":12},"end":{"line":113,"column":null}},"13":{"start":{"line":115,"column":8},"end":{"line":115,"column":null}},"14":{"start":{"line":115,"column":21},"end":{"line":115,"column":44}},"15":{"start":{"line":118,"column":10},"end":{"line":119,"column":null}},"16":{"start":{"line":119,"column":8},"end":{"line":119,"column":null}},"17":{"start":{"line":119,"column":25},"end":{"line":119,"column":50}},"18":{"start":{"line":122,"column":10},"end":{"line":124,"column":null}},"19":{"start":{"line":123,"column":8},"end":{"line":123,"column":null}},"20":{"start":{"line":124,"column":8},"end":{"line":124,"column":null}},"21":{"start":{"line":127,"column":4},"end":{"line":202,"column":null}},"22":{"start":{"line":139,"column":35},"end":{"line":139,"column":60}},"23":{"start":{"line":145,"column":35},"end":{"line":145,"column":60}},"24":{"start":{"line":155,"column":99},"end":{"line":155,"column":132}},"25":{"start":{"line":156,"column":100},"end":{"line":156,"column":135}},"26":{"start":{"line":157,"column":102},"end":{"line":157,"column":135}},"27":{"start":{"line":166,"column":47},"end":{"line":166,"column":71}},"28":{"start":{"line":170,"column":47},"end":{"line":170,"column":61}},"29":{"start":{"line":176,"column":43},"end":{"line":176,"column":68}},"30":{"start":{"line":180,"column":54},"end":{"line":180,"column":null}},"31":{"start":{"line":181,"column":32},"end":{"line":186,"column":null}},"32":{"start":{"line":182,"column":36},"end":{"line":186,"column":null}},"33":{"start":{"line":183,"column":40},"end":{"line":183,"column":null}},"34":{"start":{"line":183,"column":52},"end":{"line":183,"column":null}},"35":{"start":{"line":184,"column":40},"end":{"line":184,"column":null}},"36":{"start":{"line":184,"column":55},"end":{"line":184,"column":null}},"37":{"start":{"line":184,"column":89},"end":{"line":184,"column":123}},"38":{"start":{"line":184,"column":100},"end":{"line":184,"column":123}},"39":{"start":{"line":185,"column":40},"end":{"line":185,"column":null}},"40":{"start":{"line":185,"column":52},"end":{"line":185,"column":null}},"41":{"start":{"line":185,"column":81},"end":{"line":185,"column":115}},"42":{"start":{"line":185,"column":92},"end":{"line":185,"column":115}},"43":{"start":{"line":188,"column":32},"end":{"line":189,"column":null}},"44":{"start":{"line":189,"column":36},"end":{"line":189,"column":null}},"45":{"start":{"line":189,"column":91},"end":{"line":189,"column":127}},"46":{"start":{"line":189,"column":103},"end":{"line":189,"column":127}},"47":{"start":{"line":191,"column":32},"end":{"line":192,"column":null}},"48":{"start":{"line":192,"column":36},"end":{"line":192,"column":null}},"49":{"start":{"line":192,"column":89},"end":{"line":192,"column":123}},"50":{"start":{"line":192,"column":100},"end":{"line":192,"column":123}},"51":{"start":{"line":194,"column":32},"end":{"line":194,"column":null}}},"fnMap":{"0":{"name":"(anonymous_0)","decl":{"start":{"line":59,"column":6},"end":{"line":59,"column":25}},"loc":{"start":{"line":59,"column":25},"end":{"line":59,"column":64}},"line":59},"1":{"name":"App","decl":{"start":{"line":97,"column":9},"end":{"line":97,"column":15}},"loc":{"start":{"line":97,"column":15},"end":{"line":202,"column":null}},"line":97},"2":{"name":"(anonymous_2)","decl":{"start":{"line":103,"column":4},"end":{"line":103,"column":20}},"loc":{"start":{"line":103,"column":20},"end":{"line":108,"column":9}},"line":103},"3":{"name":"(anonymous_3)","decl":{"start":{"line":111,"column":4},"end":{"line":111,"column":20}},"loc":{"start":{"line":111,"column":20},"end":{"line":116,"column":8}},"line":111},"4":{"name":"(anonymous_4)","decl":{"start":{"line":112,"column":26},"end":{"line":112,"column":43}},"loc":{"start":{"line":112,"column":43},"end":{"line":114,"column":16}},"line":112},"5":{"name":"(anonymous_5)","decl":{"start":{"line":115,"column":8},"end":{"line":115,"column":21}},"loc":{"start":{"line":115,"column":21},"end":{"line":115,"column":44}},"line":115},"6":{"name":"(anonymous_6)","decl":{"start":{"line":118,"column":10},"end":{"line":118,"column":24}},"loc":{"start":{"line":118,"column":60},"end":{"line":119,"column":null}},"line":118},"7":{"name":"(anonymous_7)","decl":{"start":{"line":119,"column":8},"end":{"line":119,"column":16}},"loc":{"start":{"line":119,"column":25},"end":{"line":119,"column":50}},"line":119},"8":{"name":"(anonymous_8)","decl":{"start":{"line":122,"column":10},"end":{"line":122,"column":30}},"loc":{"start":{"line":122,"column":30},"end":{"line":124,"column":null}},"line":122},"9":{"name":"(anonymous_9)","decl":{"start":{"line":139,"column":20},"end":{"line":139,"column":35}},"loc":{"start":{"line":139,"column":35},"end":{"line":139,"column":60}},"line":139},"10":{"name":"(anonymous_10)","decl":{"start":{"line":145,"column":20},"end":{"line":145,"column":35}},"loc":{"start":{"line":145,"column":35},"end":{"line":145,"column":60}},"line":145},"11":{"name":"(anonymous_11)","decl":{"start":{"line":155,"column":69},"end":{"line":155,"column":80}},"loc":{"start":{"line":155,"column":99},"end":{"line":155,"column":132}},"line":155},"12":{"name":"(anonymous_12)","decl":{"start":{"line":156,"column":69},"end":{"line":156,"column":80}},"loc":{"start":{"line":156,"column":100},"end":{"line":156,"column":135}},"line":156},"13":{"name":"(anonymous_13)","decl":{"start":{"line":157,"column":72},"end":{"line":157,"column":83}},"loc":{"start":{"line":157,"column":102},"end":{"line":157,"column":135}},"line":157},"14":{"name":"(anonymous_14)","decl":{"start":{"line":166,"column":32},"end":{"line":166,"column":47}},"loc":{"start":{"line":166,"column":47},"end":{"line":166,"column":71}},"line":166},"15":{"name":"(anonymous_15)","decl":{"start":{"line":170,"column":32},"end":{"line":170,"column":47}},"loc":{"start":{"line":170,"column":47},"end":{"line":170,"column":61}},"line":170},"16":{"name":"(anonymous_16)","decl":{"start":{"line":176,"column":28},"end":{"line":176,"column":43}},"loc":{"start":{"line":176,"column":43},"end":{"line":176,"column":68}},"line":176},"17":{"name":"(anonymous_17)","decl":{"start":{"line":178,"column":28},"end":{"line":178,"column":39}},"loc":{"start":{"line":178,"column":61},"end":{"line":194,"column":null}},"line":178},"18":{"name":"(anonymous_18)","decl":{"start":{"line":182,"column":60},"end":{"line":182,"column":69}},"loc":{"start":{"line":182,"column":86},"end":{"line":186,"column":null}},"line":182},"19":{"name":"(anonymous_19)","decl":{"start":{"line":184,"column":65},"end":{"line":184,"column":74}},"loc":{"start":{"line":184,"column":87},"end":{"line":184,"column":null}},"line":184},"20":{"name":"(anonymous_20)","decl":{"start":{"line":185,"column":59},"end":{"line":185,"column":68}},"loc":{"start":{"line":185,"column":79},"end":{"line":185,"column":null}},"line":185},"21":{"name":"(anonymous_21)","decl":{"start":{"line":189,"column":62},"end":{"line":189,"column":71}},"loc":{"start":{"line":189,"column":89},"end":{"line":189,"column":null}},"line":189},"22":{"name":"(anonymous_22)","decl":{"start":{"line":192,"column":61},"end":{"line":192,"column":70}},"loc":{"start":{"line":192,"column":87},"end":{"line":192,"column":null}},"line":192}},"branchMap":{"0":{"loc":{"start":{"line":105,"column":8},"end":{"line":106,"column":null}},"type":"if","locations":[{"start":{"line":105,"column":8},"end":{"line":106,"column":null}},{"start":{},"end":{}}],"line":105},"1":{"loc":{"start":{"line":138,"column":123},"end":{"line":138,"column":null}},"type":"cond-expr","locations":[{"start":{"line":138,"column":151},"end":{"line":138,"column":227}},{"start":{"line":138,"column":227},"end":{"line":138,"column":null}}],"line":138},"2":{"loc":{"start":{"line":144,"column":123},"end":{"line":144,"column":null}},"type":"cond-expr","locations":[{"start":{"line":144,"column":151},"end":{"line":144,"column":227}},{"start":{"line":144,"column":227},"end":{"line":144,"column":null}}],"line":144},"3":{"loc":{"start":{"line":152,"column":89},"end":{"line":152,"column":null}},"type":"cond-expr","locations":[{"start":{"line":152,"column":117},"end":{"line":152,"column":127}},{"start":{"line":152,"column":127},"end":{"line":152,"column":null}}],"line":152},"4":{"loc":{"start":{"line":181,"column":32},"end":{"line":186,"column":null}},"type":"if","locations":[{"start":{"line":181,"column":32},"end":{"line":186,"column":null}},{"start":{},"end":{}}],"line":181},"5":{"loc":{"start":{"line":183,"column":40},"end":{"line":183,"column":null}},"type":"if","locations":[{"start":{"line":183,"column":40},"end":{"line":183,"column":null}},{"start":{},"end":{}}],"line":183},"6":{"loc":{"start":{"line":184,"column":40},"end":{"line":184,"column":null}},"type":"if","locations":[{"start":{"line":184,"column":40},"end":{"line":184,"column":null}},{"start":{},"end":{}}],"line":184},"7":{"loc":{"start":{"line":184,"column":89},"end":{"line":184,"column":123}},"type":"if","locations":[{"start":{"line":184,"column":89},"end":{"line":184,"column":123}},{"start":{},"end":{}}],"line":184},"8":{"loc":{"start":{"line":185,"column":40},"end":{"line":185,"column":null}},"type":"if","locations":[{"start":{"line":185,"column":40},"end":{"line":185,"column":null}},{"start":{},"end":{}}],"line":185},"9":{"loc":{"start":{"line":185,"column":81},"end":{"line":185,"column":115}},"type":"if","locations":[{"start":{"line":185,"column":81},"end":{"line":185,"column":115}},{"start":{},"end":{}}],"line":185},"10":{"loc":{"start":{"line":188,"column":32},"end":{"line":189,"column":null}},"type":"if","locations":[{"start":{"line":188,"column":32},"end":{"line":189,"column":null}},{"start":{},"end":{}}],"line":188},"11":{"loc":{"start":{"line":189,"column":91},"end":{"line":189,"column":127}},"type":"if","locations":[{"start":{"line":189,"column":91},"end":{"line":189,"column":127}},{"start":{},"end":{}}],"line":189},"12":{"loc":{"start":{"line":191,"column":32},"end":{"line":192,"column":null}},"type":"if","locations":[{"start":{"line":191,"column":32},"end":{"line":192,"column":null}},{"start":{},"end":{}}],"line":191},"13":{"loc":{"start":{"line":192,"column":89},"end":{"line":192,"column":123}},"type":"if","locations":[{"start":{"line":192,"column":89},"end":{"line":192,"column":123}},{"start":{},"end":{}}],"line":192},"14":{"loc":{"start":{"line":200,"column":81},"end":{"line":200,"column":null}},"type":"cond-expr","locations":[{"start":{"line":200,"column":109},"end":{"line":200,"column":119}},{"start":{"line":200,"column":119},"end":{"line":200,"column":null}}],"line":200}},"s":{"0":1,"1":7,"2":1,"3":7,"4":7,"5":7,"6":7,"7":3,"8":3,"9":2,"10":7,"11":7,"12":1,"13":7,"14":7,"15":7,"16":1,"17":1,"18":7,"19":1,"20":1,"21":7,"22":0,"23":0,"24":0,"25":0,"26":0,"27":0,"28":0,"29":0,"30":0,"31":0,"32":0,"33":0,"34":0,"35":0,"36":0,"37":0,"38":0,"39":0,"40":0,"41":0,"42":0,"43":0,"44":0,"45":0,"46":0,"47":0,"48":0,"49":0,"50":0,"51":0},"f":{"0":7,"1":7,"2":3,"3":7,"4":1,"5":7,"6":1,"7":1,"8":1,"9":0,"10":0,"11":0,"12":0,"13":0,"14":0,"15":0,"16":0,"17":0,"18":0,"19":0,"20":0,"21":0,"22":0},"b":{"0":[2,1],"1":[7,0],"2":[0,7],"3":[7,0],"4":[0,0],"5":[0,0],"6":[0,0],"7":[0,0],"8":[0,0],"9":[0,0],"10":[0,0],"11":[0,0],"12":[0,0],"13":[0,0],"14":[0,7]},"meta":{"lastBranch":15,"lastFunction":23,"lastStatement":52,"seen":{"s:59:6:59:64":0,"f:59:6:59:25":0,"s:59:25:59:64":1,"s:61:43:95:Infinity":2,"f:97:9:97:15":1,"s:98:22:98:86":3,"s:99:17:99:65":4,"s:100:28:100:65":5,"s:103:4:108:Infinity":6,"f:103:4:103:20":2,"s:104:14:104:49":7,"b:105:8:106:Infinity:undefined:undefined:undefined:undefined":0,"s:105:8:106:Infinity":8,"s:106:12:106:Infinity":9,"s:111:4:116:Infinity":10,"f:111:4:111:20":3,"s:112:26:114:16":11,"f:112:26:112:43":4,"s:113:12:113:Infinity":12,"s:115:8:115:Infinity":13,"f:115:8:115:21":5,"s:115:21:115:44":14,"s:118:10:119:Infinity":15,"f:118:10:118:24":6,"s:119:8:119:Infinity":16,"f:119:8:119:16":7,"s:119:25:119:50":17,"s:122:10:124:Infinity":18,"f:122:10:122:30":8,"s:123:8:123:Infinity":19,"s:124:8:124:Infinity":20,"s:127:4:202:Infinity":21,"b:138:151:138:227:138:227:138:Infinity":1,"f:139:20:139:35":9,"s:139:35:139:60":22,"b:144:151:144:227:144:227:144:Infinity":2,"f:145:20:145:35":10,"s:145:35:145:60":23,"b:152:117:152:127:152:127:152:Infinity":3,"f:155:69:155:80":11,"s:155:99:155:132":24,"f:156:69:156:80":12,"s:156:100:156:135":25,"f:157:72:157:83":13,"s:157:102:157:135":26,"f:166:32:166:47":14,"s:166:47:166:71":27,"f:170:32:170:47":15,"s:170:47:170:61":28,"f:176:28:176:43":16,"s:176:43:176:68":29,"f:178:28:178:39":17,"s:180:54:180:Infinity":30,"b:181:32:186:Infinity:undefined:undefined:undefined:undefined":4,"s:181:32:186:Infinity":31,"s:182:36:186:Infinity":32,"f:182:60:182:69":18,"b:183:40:183:Infinity:undefined:undefined:undefined:undefined":5,"s:183:40:183:Infinity":33,"s:183:52:183:Infinity":34,"b:184:40:184:Infinity:undefined:undefined:undefined:undefined":6,"s:184:40:184:Infinity":35,"s:184:55:184:Infinity":36,"f:184:65:184:74":19,"b:184:89:184:123:undefined:undefined:undefined:undefined":7,"s:184:89:184:123":37,"s:184:100:184:123":38,"b:185:40:185:Infinity:undefined:undefined:undefined:undefined":8,"s:185:40:185:Infinity":39,"s:185:52:185:Infinity":40,"f:185:59:185:68":20,"b:185:81:185:115:undefined:undefined:undefined:undefined":9,"s:185:81:185:115":41,"s:185:92:185:115":42,"b:188:32:189:Infinity:undefined:undefined:undefined:undefined":10,"s:188:32:189:Infinity":43,"s:189:36:189:Infinity":44,"f:189:62:189:71":21,"b:189:91:189:127:undefined:undefined:undefined:undefined":11,"s:189:91:189:127":45,"s:189:103:189:127":46,"b:191:32:192:Infinity:undefined:undefined:undefined:undefined":12,"s:191:32:192:Infinity":47,"s:192:36:192:Infinity":48,"f:192:61:192:70":22,"b:192:89:192:123:undefined:undefined:undefined:undefined":13,"s:192:89:192:123":49,"s:192:100:192:123":50,"s:194:32:194:Infinity":51,"b:200:109:200:119:200:119:200:Infinity":14}}}
,"/home/user/Desktop/gavmor/mhr/src/components/JsonModal.tsx": {"path":"/home/user/Desktop/gavmor/mhr/src/components/JsonModal.tsx","statementMap":{"0":{"start":{"line":11,"column":21},"end":{"line":11,"column":48}},"1":{"start":{"line":13,"column":4},"end":{"line":17,"column":null}},"2":{"start":{"line":14,"column":8},"end":{"line":15,"column":null}},"3":{"start":{"line":15,"column":12},"end":{"line":15,"column":null}},"4":{"start":{"line":19,"column":10},"end":{"line":25,"column":null}},"5":{"start":{"line":20,"column":8},"end":{"line":25,"column":null}},"6":{"start":{"line":21,"column":27},"end":{"line":21,"column":47}},"7":{"start":{"line":22,"column":12},"end":{"line":22,"column":null}},"8":{"start":{"line":23,"column":12},"end":{"line":23,"column":null}},"9":{"start":{"line":25,"column":12},"end":{"line":25,"column":null}},"10":{"start":{"line":29,"column":4},"end":{"line":29,"column":null}},"11":{"start":{"line":29,"column":17},"end":{"line":29,"column":null}},"12":{"start":{"line":31,"column":4},"end":{"line":49,"column":null}},"13":{"start":{"line":42,"column":37},"end":{"line":42,"column":null}}},"fnMap":{"0":{"name":"JsonModal","decl":{"start":{"line":10,"column":24},"end":{"line":10,"column":34}},"loc":{"start":{"line":10,"column":87},"end":{"line":49,"column":null}},"line":10},"1":{"name":"(anonymous_1)","decl":{"start":{"line":13,"column":4},"end":{"line":13,"column":20}},"loc":{"start":{"line":13,"column":20},"end":{"line":17,"column":8}},"line":13},"2":{"name":"(anonymous_2)","decl":{"start":{"line":19,"column":10},"end":{"line":19,"column":31}},"loc":{"start":{"line":19,"column":31},"end":{"line":25,"column":null}},"line":19},"3":{"name":"(anonymous_3)","decl":{"start":{"line":42,"column":20},"end":{"line":42,"column":31}},"loc":{"start":{"line":42,"column":37},"end":{"line":42,"column":null}},"line":42}},"branchMap":{"0":{"loc":{"start":{"line":14,"column":8},"end":{"line":15,"column":null}},"type":"if","locations":[{"start":{"line":14,"column":8},"end":{"line":15,"column":null}},{"start":{},"end":{}}],"line":14},"1":{"loc":{"start":{"line":29,"column":4},"end":{"line":29,"column":null}},"type":"if","locations":[{"start":{"line":29,"column":4},"end":{"line":29,"column":null}},{"start":{},"end":{}}],"line":29}},"s":{"0":7,"1":7,"2":7,"3":0,"4":7,"5":0,"6":0,"7":0,"8":0,"9":0,"10":7,"11":7,"12":0,"13":0},"f":{"0":7,"1":7,"2":0,"3":0},"b":{"0":[0,7],"1":[7,0]},"meta":{"lastBranch":2,"lastFunction":4,"lastStatement":14,"seen":{"f:10:24:10:34":0,"s:11:21:11:48":0,"s:13:4:17:Infinity":1,"f:13:4:13:20":1,"b:14:8:15:Infinity:undefined:undefined:undefined:undefined":0,"s:14:8:15:Infinity":2,"s:15:12:15:Infinity":3,"s:19:10:25:Infinity":4,"f:19:10:19:31":2,"s:20:8:25:Infinity":5,"s:21:27:21:47":6,"s:22:12:22:Infinity":7,"s:23:12:23:Infinity":8,"s:25:12:25:Infinity":9,"b:29:4:29:Infinity:undefined:undefined:undefined:undefined":1,"s:29:4:29:Infinity":10,"s:29:17:29:Infinity":11,"s:31:4:49:Infinity":12,"f:42:20:42:31":3,"s:42:37:42:Infinity":13}}}
,"/home/user/Desktop/gavmor/mhr/src/components/assembler/Assembler.tsx": {"path":"/home/user/Desktop/gavmor/mhr/src/components/assembler/Assembler.tsx","statementMap":{"0":{"start":{"line":5,"column":13},"end":{"line":138,"column":null}},"1":{"start":{"line":7,"column":17},"end":{"line":11,"column":null}},"2":{"start":{"line":8,"column":54},"end":{"line":8,"column":56}},"3":{"start":{"line":9,"column":8},"end":{"line":9,"column":null}},"4":{"start":{"line":9,"column":34},"end":{"line":9,"column":58}},"5":{"start":{"line":10,"column":8},"end":{"line":10,"column":null}},"6":{"start":{"line":13,"column":22},"end":{"line":13,"column":53}},"7":{"start":{"line":16,"column":10},"end":{"line":22,"column":null}},"8":{"start":{"line":17,"column":8},"end":{"line":20,"column":null}},"9":{"start":{"line":17,"column":25},"end":{"line":20,"column":11}},"10":{"start":{"line":22,"column":8},"end":{"line":22,"column":null}},"11":{"start":{"line":22,"column":31},"end":{"line":22,"column":null}},"12":{"start":{"line":26,"column":10},"end":{"line":40,"column":null}},"13":{"start":{"line":27,"column":8},"end":{"line":39,"column":null}},"14":{"start":{"line":28,"column":28},"end":{"line":28,"column":39}},"15":{"start":{"line":29,"column":31},"end":{"line":29,"column":null}},"16":{"start":{"line":30,"column":33},"end":{"line":30,"column":65}},"17":{"start":{"line":32,"column":28},"end":{"line":32,"column":null}},"18":{"start":{"line":34,"column":33},"end":{"line":34,"column":57}},"19":{"start":{"line":35,"column":12},"end":{"line":35,"column":null}},"20":{"start":{"line":36,"column":12},"end":{"line":36,"column":null}},"21":{"start":{"line":38,"column":12},"end":{"line":38,"column":null}},"22":{"start":{"line":40,"column":8},"end":{"line":40,"column":null}},"23":{"start":{"line":40,"column":31},"end":{"line":40,"column":null}},"24":{"start":{"line":44,"column":10},"end":{"line":56,"column":null}},"25":{"start":{"line":45,"column":8},"end":{"line":51,"column":null}},"26":{"start":{"line":46,"column":28},"end":{"line":46,"column":39}},"27":{"start":{"line":47,"column":33},"end":{"line":47,"column":57}},"28":{"start":{"line":48,"column":12},"end":{"line":48,"column":null}},"29":{"start":{"line":49,"column":12},"end":{"line":49,"column":null}},"30":{"start":{"line":50,"column":12},"end":{"line":50,"column":null}},"31":{"start":{"line":52,"column":8},"end":{"line":52,"column":null}},"32":{"start":{"line":52,"column":31},"end":{"line":52,"column":null}},"33":{"start":{"line":55,"column":8},"end":{"line":55,"column":null}},"34":{"start":{"line":56,"column":8},"end":{"line":56,"column":null}},"35":{"start":{"line":56,"column":25},"end":{"line":56,"column":44}},"36":{"start":{"line":60,"column":10},"end":{"line":64,"column":null}},"37":{"start":{"line":61,"column":54},"end":{"line":61,"column":56}},"38":{"start":{"line":62,"column":8},"end":{"line":62,"column":null}},"39":{"start":{"line":62,"column":34},"end":{"line":62,"column":58}},"40":{"start":{"line":63,"column":8},"end":{"line":63,"column":null}},"41":{"start":{"line":64,"column":8},"end":{"line":64,"column":null}},"42":{"start":{"line":64,"column":31},"end":{"line":64,"column":null}},"43":{"start":{"line":67,"column":4},"end":{"line":138,"column":null}},"44":{"start":{"line":79,"column":24},"end":{"line":111,"column":null}},"45":{"start":{"line":83,"column":43},"end":{"line":83,"column":63}},"46":{"start":{"line":100,"column":36},"end":{"line":108,"column":null}}},"fnMap":{"0":{"name":"(anonymous_0)","decl":{"start":{"line":5,"column":13},"end":{"line":5,"column":41}},"loc":{"start":{"line":5,"column":41},"end":{"line":138,"column":null}},"line":5},"1":{"name":"(anonymous_1)","decl":{"start":{"line":7,"column":28},"end":{"line":7,"column":69}},"loc":{"start":{"line":7,"column":69},"end":{"line":11,"column":null}},"line":7},"2":{"name":"(anonymous_2)","decl":{"start":{"line":9,"column":19},"end":{"line":9,"column":27}},"loc":{"start":{"line":9,"column":34},"end":{"line":9,"column":58}},"line":9},"3":{"name":"(anonymous_3)","decl":{"start":{"line":16,"column":10},"end":{"line":16,"column":26}},"loc":{"start":{"line":16,"column":49},"end":{"line":22,"column":null}},"line":16},"4":{"name":"(anonymous_4)","decl":{"start":{"line":17,"column":8},"end":{"line":17,"column":16}},"loc":{"start":{"line":17,"column":25},"end":{"line":20,"column":11}},"line":17},"5":{"name":"(anonymous_5)","decl":{"start":{"line":26,"column":10},"end":{"line":26,"column":28}},"loc":{"start":{"line":26,"column":69},"end":{"line":40,"column":null}},"line":26},"6":{"name":"(anonymous_6)","decl":{"start":{"line":27,"column":8},"end":{"line":27,"column":16}},"loc":{"start":{"line":27,"column":24},"end":{"line":39,"column":null}},"line":27},"7":{"name":"(anonymous_7)","decl":{"start":{"line":44,"column":10},"end":{"line":44,"column":29}},"loc":{"start":{"line":44,"column":70},"end":{"line":56,"column":null}},"line":44},"8":{"name":"(anonymous_8)","decl":{"start":{"line":45,"column":8},"end":{"line":45,"column":16}},"loc":{"start":{"line":45,"column":24},"end":{"line":51,"column":null}},"line":45},"9":{"name":"(anonymous_9)","decl":{"start":{"line":56,"column":8},"end":{"line":56,"column":25}},"loc":{"start":{"line":56,"column":25},"end":{"line":56,"column":44}},"line":56},"10":{"name":"(anonymous_10)","decl":{"start":{"line":60,"column":10},"end":{"line":60,"column":34}},"loc":{"start":{"line":60,"column":34},"end":{"line":64,"column":null}},"line":60},"11":{"name":"(anonymous_11)","decl":{"start":{"line":62,"column":19},"end":{"line":62,"column":27}},"loc":{"start":{"line":62,"column":34},"end":{"line":62,"column":58}},"line":62},"12":{"name":"(anonymous_12)","decl":{"start":{"line":78,"column":32},"end":{"line":78,"column":36}},"loc":{"start":{"line":79,"column":24},"end":{"line":111,"column":null}},"line":79},"13":{"name":"(anonymous_13)","decl":{"start":{"line":83,"column":28},"end":{"line":83,"column":43}},"loc":{"start":{"line":83,"column":43},"end":{"line":83,"column":63}},"line":83},"14":{"name":"(anonymous_14)","decl":{"start":{"line":99,"column":46},"end":{"line":99,"column":51}},"loc":{"start":{"line":100,"column":36},"end":{"line":108,"column":null}},"line":100}},"branchMap":{"0":{"loc":{"start":{"line":22,"column":8},"end":{"line":22,"column":null}},"type":"if","locations":[{"start":{"line":22,"column":8},"end":{"line":22,"column":null}},{"start":{},"end":{}}],"line":22},"1":{"loc":{"start":{"line":40,"column":8},"end":{"line":40,"column":null}},"type":"if","locations":[{"start":{"line":40,"column":8},"end":{"line":40,"column":null}},{"start":{},"end":{}}],"line":40},"2":{"loc":{"start":{"line":52,"column":8},"end":{"line":52,"column":null}},"type":"if","locations":[{"start":{"line":52,"column":8},"end":{"line":52,"column":null}},{"start":{},"end":{}}],"line":52},"3":{"loc":{"start":{"line":64,"column":8},"end":{"line":64,"column":null}},"type":"if","locations":[{"start":{"line":64,"column":8},"end":{"line":64,"column":null}},{"start":{},"end":{}}],"line":64},"4":{"loc":{"start":{"line":90,"column":33},"end":{"line":93,"column":null}},"type":"binary-expr","locations":[{"start":{"line":90,"column":33},"end":{"line":90,"column":null}},{"start":{"line":91,"column":36},"end":{"line":93,"column":null}}],"line":90},"5":{"loc":{"start":{"line":123,"column":197},"end":{"line":123,"column":240}},"type":"cond-expr","locations":[{"start":{"line":123,"column":209},"end":{"line":123,"column":225}},{"start":{"line":123,"column":225},"end":{"line":123,"column":240}}],"line":123}},"s":{"0":2,"1":19,"2":8,"3":8,"4":80,"5":8,"6":19,"7":19,"8":4,"9":4,"10":4,"11":0,"12":19,"13":1,"14":1,"15":1,"16":1,"17":1,"18":1,"19":1,"20":1,"21":1,"22":1,"23":0,"24":19,"25":1,"26":1,"27":1,"28":1,"29":1,"30":1,"31":1,"32":0,"33":1,"34":1,"35":0,"36":19,"37":1,"38":1,"39":10,"40":1,"41":1,"42":0,"43":19,"44":190,"45":4,"46":5},"f":{"0":19,"1":8,"2":80,"3":4,"4":4,"5":1,"6":1,"7":1,"8":1,"9":0,"10":1,"11":10,"12":190,"13":4,"14":5},"b":{"0":[0,4],"1":[0,1],"2":[0,1],"3":[0,1],"4":[190,76],"5":[1,18]},"meta":{"lastBranch":6,"lastFunction":15,"lastStatement":47,"seen":{"s:5:13:138:Infinity":0,"f:5:13:5:41":0,"s:7:17:11:Infinity":1,"f:7:28:7:69":1,"s:8:54:8:56":2,"s:9:8:9:Infinity":3,"f:9:19:9:27":2,"s:9:34:9:58":4,"s:10:8:10:Infinity":5,"s:13:22:13:53":6,"s:16:10:22:Infinity":7,"f:16:10:16:26":3,"s:17:8:20:Infinity":8,"f:17:8:17:16":4,"s:17:25:20:11":9,"b:22:8:22:Infinity:undefined:undefined:undefined:undefined":0,"s:22:8:22:Infinity":10,"s:22:31:22:Infinity":11,"s:26:10:40:Infinity":12,"f:26:10:26:28":5,"s:27:8:39:Infinity":13,"f:27:8:27:16":6,"s:28:28:28:39":14,"s:29:31:29:Infinity":15,"s:30:33:30:65":16,"s:32:28:32:Infinity":17,"s:34:33:34:57":18,"s:35:12:35:Infinity":19,"s:36:12:36:Infinity":20,"s:38:12:38:Infinity":21,"b:40:8:40:Infinity:undefined:undefined:undefined:undefined":1,"s:40:8:40:Infinity":22,"s:40:31:40:Infinity":23,"s:44:10:56:Infinity":24,"f:44:10:44:29":7,"s:45:8:51:Infinity":25,"f:45:8:45:16":8,"s:46:28:46:39":26,"s:47:33:47:57":27,"s:48:12:48:Infinity":28,"s:49:12:49:Infinity":29,"s:50:12:50:Infinity":30,"b:52:8:52:Infinity:undefined:undefined:undefined:undefined":2,"s:52:8:52:Infinity":31,"s:52:31:52:Infinity":32,"s:55:8:55:Infinity":33,"s:56:8:56:Infinity":34,"f:56:8:56:25":9,"s:56:25:56:44":35,"s:60:10:64:Infinity":36,"f:60:10:60:34":10,"s:61:54:61:56":37,"s:62:8:62:Infinity":38,"f:62:19:62:27":11,"s:62:34:62:58":39,"s:63:8:63:Infinity":40,"b:64:8:64:Infinity:undefined:undefined:undefined:undefined":3,"s:64:8:64:Infinity":41,"s:64:31:64:Infinity":42,"s:67:4:138:Infinity":43,"f:78:32:78:36":12,"s:79:24:111:Infinity":44,"f:83:28:83:43":13,"s:83:43:83:63":45,"b:90:33:90:Infinity:91:36:93:Infinity":4,"f:99:46:99:51":14,"s:100:36:108:Infinity":46,"b:123:209:123:225:123:225:123:240":5}}}
,"/home/user/Desktop/gavmor/mhr/src/components/assembler/DieShape.tsx": {"path":"/home/user/Desktop/gavmor/mhr/src/components/assembler/DieShape.tsx","statementMap":{"0":{"start":{"line":10,"column":13},"end":{"line":63,"column":null}},"1":{"start":{"line":12,"column":10},"end":{"line":56,"column":null}},"2":{"start":{"line":13,"column":23},"end":{"line":13,"column":null}},"3":{"start":{"line":14,"column":28},"end":{"line":14,"column":null}},"4":{"start":{"line":15,"column":31},"end":{"line":15,"column":null}},"5":{"start":{"line":17,"column":14},"end":{"line":17,"column":null}},"6":{"start":{"line":17,"column":31},"end":{"line":17,"column":null}},"7":{"start":{"line":19,"column":8},"end":{"line":56,"column":null}},"8":{"start":{"line":21,"column":16},"end":{"line":24,"column":null}},"9":{"start":{"line":28,"column":16},"end":{"line":31,"column":null}},"10":{"start":{"line":35,"column":16},"end":{"line":38,"column":null}},"11":{"start":{"line":42,"column":16},"end":{"line":45,"column":null}},"12":{"start":{"line":49,"column":16},"end":{"line":52,"column":null}},"13":{"start":{"line":56,"column":16},"end":{"line":56,"column":null}},"14":{"start":{"line":60,"column":4},"end":{"line":63,"column":null}}},"fnMap":{"0":{"name":"(anonymous_0)","decl":{"start":{"line":10,"column":13},"end":{"line":10,"column":50}},"loc":{"start":{"line":10,"column":107},"end":{"line":63,"column":null}},"line":10},"1":{"name":"(anonymous_1)","decl":{"start":{"line":12,"column":10},"end":{"line":12,"column":30}},"loc":{"start":{"line":12,"column":30},"end":{"line":56,"column":null}},"line":12},"2":{"name":"(anonymous_2)","decl":{"start":{"line":17,"column":14},"end":{"line":17,"column":31}},"loc":{"start":{"line":17,"column":31},"end":{"line":17,"column":null}},"line":17}},"branchMap":{"0":{"loc":{"start":{"line":10,"column":64},"end":{"line":10,"column":84}},"type":"default-arg","locations":[{"start":{"line":10,"column":71},"end":{"line":10,"column":84}}],"line":10},"1":{"loc":{"start":{"line":10,"column":84},"end":{"line":10,"column":107}},"type":"default-arg","locations":[{"start":{"line":10,"column":96},"end":{"line":10,"column":107}}],"line":10},"2":{"loc":{"start":{"line":17,"column":31},"end":{"line":17,"column":null}},"type":"cond-expr","locations":[{"start":{"line":17,"column":43},"end":{"line":17,"column":56}},{"start":{"line":17,"column":56},"end":{"line":17,"column":null}}],"line":17},"3":{"loc":{"start":{"line":19,"column":8},"end":{"line":56,"column":null}},"type":"switch","locations":[{"start":{"line":20,"column":12},"end":{"line":24,"column":null}},{"start":{"line":27,"column":12},"end":{"line":31,"column":null}},{"start":{"line":34,"column":12},"end":{"line":38,"column":null}},{"start":{"line":41,"column":12},"end":{"line":45,"column":null}},{"start":{"line":48,"column":12},"end":{"line":52,"column":null}},{"start":{"line":55,"column":12},"end":{"line":56,"column":null}}],"line":19},"4":{"loc":{"start":{"line":23,"column":65},"end":{"line":23,"column":92}},"type":"binary-expr","locations":[{"start":{"line":23,"column":65},"end":{"line":23,"column":73}},{"start":{"line":23,"column":73},"end":{"line":23,"column":92}}],"line":23},"5":{"loc":{"start":{"line":24,"column":25},"end":{"line":24,"column":null}},"type":"binary-expr","locations":[{"start":{"line":24,"column":25},"end":{"line":24,"column":38}},{"start":{"line":24,"column":38},"end":{"line":24,"column":null}}],"line":24},"6":{"loc":{"start":{"line":30,"column":80},"end":{"line":30,"column":107}},"type":"binary-expr","locations":[{"start":{"line":30,"column":80},"end":{"line":30,"column":88}},{"start":{"line":30,"column":88},"end":{"line":30,"column":107}}],"line":30},"7":{"loc":{"start":{"line":31,"column":25},"end":{"line":31,"column":null}},"type":"binary-expr","locations":[{"start":{"line":31,"column":25},"end":{"line":31,"column":38}},{"start":{"line":31,"column":38},"end":{"line":31,"column":null}}],"line":31},"8":{"loc":{"start":{"line":37,"column":72},"end":{"line":37,"column":99}},"type":"binary-expr","locations":[{"start":{"line":37,"column":72},"end":{"line":37,"column":80}},{"start":{"line":37,"column":80},"end":{"line":37,"column":99}}],"line":37},"9":{"loc":{"start":{"line":38,"column":25},"end":{"line":38,"column":null}},"type":"binary-expr","locations":[{"start":{"line":38,"column":25},"end":{"line":38,"column":38}},{"start":{"line":38,"column":38},"end":{"line":38,"column":null}}],"line":38},"10":{"loc":{"start":{"line":44,"column":72},"end":{"line":44,"column":99}},"type":"binary-expr","locations":[{"start":{"line":44,"column":72},"end":{"line":44,"column":80}},{"start":{"line":44,"column":80},"end":{"line":44,"column":99}}],"line":44},"11":{"loc":{"start":{"line":45,"column":25},"end":{"line":45,"column":null}},"type":"binary-expr","locations":[{"start":{"line":45,"column":25},"end":{"line":45,"column":38}},{"start":{"line":45,"column":38},"end":{"line":45,"column":null}}],"line":45},"12":{"loc":{"start":{"line":51,"column":78},"end":{"line":51,"column":105}},"type":"binary-expr","locations":[{"start":{"line":51,"column":78},"end":{"line":51,"column":86}},{"start":{"line":51,"column":86},"end":{"line":51,"column":105}}],"line":51},"13":{"loc":{"start":{"line":52,"column":25},"end":{"line":52,"column":null}},"type":"binary-expr","locations":[{"start":{"line":52,"column":25},"end":{"line":52,"column":38}},{"start":{"line":52,"column":38},"end":{"line":52,"column":null}}],"line":52}},"s":{"0":6,"1":190,"2":190,"3":190,"4":190,"5":190,"6":59,"7":190,"8":29,"9":40,"10":56,"11":36,"12":28,"13":1,"14":190},"f":{"0":190,"1":190,"2":59},"b":{"0":[190],"1":[190],"2":[59,0],"3":[29,40,56,36,28,1],"4":[29,3],"5":[29,3],"6":[40,14],"7":[40,14],"8":[56,30],"9":[56,30],"10":[36,10],"11":[36,10],"12":[28,2],"13":[28,2]},"meta":{"lastBranch":14,"lastFunction":3,"lastStatement":15,"seen":{"s:10:13:63:Infinity":0,"f:10:13:10:50":0,"b:10:71:10:84":0,"b:10:96:10:107":1,"s:12:10:56:Infinity":1,"f:12:10:12:30":1,"s:13:23:13:Infinity":2,"s:14:28:14:Infinity":3,"s:15:31:15:Infinity":4,"s:17:14:17:Infinity":5,"f:17:14:17:31":2,"s:17:31:17:Infinity":6,"b:17:43:17:56:17:56:17:Infinity":2,"b:20:12:24:Infinity:27:12:31:Infinity:34:12:38:Infinity:41:12:45:Infinity:48:12:52:Infinity:55:12:56:Infinity":3,"s:19:8:56:Infinity":7,"s:21:16:24:Infinity":8,"b:23:65:23:73:23:73:23:92":4,"b:24:25:24:38:24:38:24:Infinity":5,"s:28:16:31:Infinity":9,"b:30:80:30:88:30:88:30:107":6,"b:31:25:31:38:31:38:31:Infinity":7,"s:35:16:38:Infinity":10,"b:37:72:37:80:37:80:37:99":8,"b:38:25:38:38:38:38:38:Infinity":9,"s:42:16:45:Infinity":11,"b:44:72:44:80:44:80:44:99":10,"b:45:25:45:38:45:38:45:Infinity":11,"s:49:16:52:Infinity":12,"b:51:78:51:86:51:86:51:105":12,"b:52:25:52:38:52:38:52:Infinity":13,"s:56:16:56:Infinity":13,"s:60:4:63:Infinity":14}}}
,"/home/user/Desktop/gavmor/mhr/src/components/assembler/InteractiveDie.tsx": {"path":"/home/user/Desktop/gavmor/mhr/src/components/assembler/InteractiveDie.tsx","statementMap":{"0":{"start":{"line":12,"column":13},"end":{"line":52,"column":null}},"1":{"start":{"line":13,"column":10},"end":{"line":13,"column":73}},"2":{"start":{"line":14,"column":10},"end":{"line":14,"column":37}},"3":{"start":{"line":15,"column":10},"end":{"line":15,"column":37}},"4":{"start":{"line":17,"column":10},"end":{"line":25,"column":null}},"5":{"start":{"line":18,"column":8},"end":{"line":18,"column":null}},"6":{"start":{"line":19,"column":8},"end":{"line":19,"column":null}},"7":{"start":{"line":20,"column":8},"end":{"line":20,"column":null}},"8":{"start":{"line":21,"column":8},"end":{"line":25,"column":null}},"9":{"start":{"line":22,"column":12},"end":{"line":22,"column":null}},"10":{"start":{"line":22,"column":37},"end":{"line":22,"column":null}},"11":{"start":{"line":23,"column":12},"end":{"line":23,"column":null}},"12":{"start":{"line":24,"column":12},"end":{"line":24,"column":null}},"13":{"start":{"line":28,"column":10},"end":{"line":34,"column":null}},"14":{"start":{"line":29,"column":8},"end":{"line":29,"column":null}},"15":{"start":{"line":30,"column":8},"end":{"line":30,"column":null}},"16":{"start":{"line":30,"column":32},"end":{"line":30,"column":null}},"17":{"start":{"line":33,"column":8},"end":{"line":34,"column":null}},"18":{"start":{"line":34,"column":12},"end":{"line":34,"column":null}},"19":{"start":{"line":38,"column":10},"end":{"line":41,"column":null}},"20":{"start":{"line":39,"column":8},"end":{"line":39,"column":null}},"21":{"start":{"line":40,"column":8},"end":{"line":40,"column":null}},"22":{"start":{"line":41,"column":8},"end":{"line":41,"column":null}},"23":{"start":{"line":41,"column":32},"end":{"line":41,"column":null}},"24":{"start":{"line":44,"column":4},"end":{"line":52,"column":null}},"25":{"start":{"line":49,"column":36},"end":{"line":49,"column":56}},"26":{"start":{"line":49,"column":56},"end":{"line":49,"column":null}}},"fnMap":{"0":{"name":"(anonymous_0)","decl":{"start":{"line":12,"column":13},"end":{"line":12,"column":62}},"loc":{"start":{"line":12,"column":116},"end":{"line":52,"column":null}},"line":12},"1":{"name":"(anonymous_1)","decl":{"start":{"line":17,"column":10},"end":{"line":17,"column":24}},"loc":{"start":{"line":17,"column":66},"end":{"line":25,"column":null}},"line":17},"2":{"name":"(anonymous_2)","decl":{"start":{"line":21,"column":29},"end":{"line":21,"column":46}},"loc":{"start":{"line":21,"column":46},"end":{"line":25,"column":15}},"line":21},"3":{"name":"(anonymous_3)","decl":{"start":{"line":28,"column":10},"end":{"line":28,"column":22}},"loc":{"start":{"line":28,"column":64},"end":{"line":34,"column":null}},"line":28},"4":{"name":"(anonymous_4)","decl":{"start":{"line":38,"column":10},"end":{"line":38,"column":25}},"loc":{"start":{"line":38,"column":67},"end":{"line":41,"column":null}},"line":38},"5":{"name":"(anonymous_5)","decl":{"start":{"line":49,"column":12},"end":{"line":49,"column":28}},"loc":{"start":{"line":49,"column":34},"end":{"line":49,"column":null}},"line":49}},"branchMap":{"0":{"loc":{"start":{"line":22,"column":12},"end":{"line":22,"column":null}},"type":"if","locations":[{"start":{"line":22,"column":12},"end":{"line":22,"column":null}},{"start":{},"end":{}}],"line":22},"1":{"loc":{"start":{"line":30,"column":8},"end":{"line":30,"column":null}},"type":"if","locations":[{"start":{"line":30,"column":8},"end":{"line":30,"column":null}},{"start":{},"end":{}}],"line":30},"2":{"loc":{"start":{"line":33,"column":8},"end":{"line":34,"column":null}},"type":"if","locations":[{"start":{"line":33,"column":8},"end":{"line":34,"column":null}},{"start":{},"end":{}}],"line":33},"3":{"loc":{"start":{"line":33,"column":12},"end":{"line":33,"column":58}},"type":"binary-expr","locations":[{"start":{"line":33,"column":12},"end":{"line":33,"column":36}},{"start":{"line":33,"column":36},"end":{"line":33,"column":58}}],"line":33},"4":{"loc":{"start":{"line":41,"column":8},"end":{"line":41,"column":null}},"type":"if","locations":[{"start":{"line":41,"column":8},"end":{"line":41,"column":null}},{"start":{},"end":{}}],"line":41}},"s":{"0":3,"1":9,"2":9,"3":9,"4":9,"5":5,"6":5,"7":5,"8":5,"9":2,"10":0,"11":2,"12":2,"13":9,"14":4,"15":4,"16":4,"17":4,"18":2,"19":9,"20":1,"21":1,"22":1,"23":1,"24":9,"25":0,"26":0},"f":{"0":9,"1":5,"2":2,"3":4,"4":1,"5":0},"b":{"0":[0,2],"1":[4,0],"2":[2,2],"3":[4,3],"4":[1,0]},"meta":{"lastBranch":5,"lastFunction":6,"lastStatement":27,"seen":{"s:12:13:52:Infinity":0,"f:12:13:12:62":0,"s:13:10:13:73":1,"s:14:10:14:37":2,"s:15:10:15:37":3,"s:17:10:25:Infinity":4,"f:17:10:17:24":1,"s:18:8:18:Infinity":5,"s:19:8:19:Infinity":6,"s:20:8:20:Infinity":7,"s:21:8:25:Infinity":8,"f:21:29:21:46":2,"b:22:12:22:Infinity:undefined:undefined:undefined:undefined":0,"s:22:12:22:Infinity":9,"s:22:37:22:Infinity":10,"s:23:12:23:Infinity":11,"s:24:12:24:Infinity":12,"s:28:10:34:Infinity":13,"f:28:10:28:22":3,"s:29:8:29:Infinity":14,"b:30:8:30:Infinity:undefined:undefined:undefined:undefined":1,"s:30:8:30:Infinity":15,"s:30:32:30:Infinity":16,"b:33:8:34:Infinity:undefined:undefined:undefined:undefined":2,"s:33:8:34:Infinity":17,"b:33:12:33:36:33:36:33:58":3,"s:34:12:34:Infinity":18,"s:38:10:41:Infinity":19,"f:38:10:38:25":4,"s:39:8:39:Infinity":20,"s:40:8:40:Infinity":21,"b:41:8:41:Infinity:undefined:undefined:undefined:undefined":4,"s:41:8:41:Infinity":22,"s:41:32:41:Infinity":23,"s:44:4:52:Infinity":24,"f:49:12:49:28":5,"s:49:36:49:56":25,"s:49:56:49:Infinity":26}}}
,"/home/user/Desktop/gavmor/mhr/src/components/assembler/constants.ts": {"path":"/home/user/Desktop/gavmor/mhr/src/components/assembler/constants.ts","statementMap":{"0":{"start":{"line":9,"column":38},"end":{"line":20,"column":null}},"1":{"start":{"line":22,"column":38},"end":{"line":22,"column":null}}},"fnMap":{},"branchMap":{},"s":{"0":2,"1":2},"f":{},"b":{},"meta":{"lastBranch":0,"lastFunction":0,"lastStatement":2,"seen":{"s:9:38:20:Infinity":0,"s:22:38:22:Infinity":1}}}
,"/home/user/Desktop/gavmor/mhr/src/components/character/HeaderSection.tsx": {"path":"/home/user/Desktop/gavmor/mhr/src/components/character/HeaderSection.tsx","statementMap":{"0":{"start":{"line":13,"column":10},"end":{"line":22,"column":null}},"1":{"start":{"line":14,"column":21},"end":{"line":14,"column":null}},"2":{"start":{"line":15,"column":8},"end":{"line":22,"column":null}},"3":{"start":{"line":16,"column":27},"end":{"line":16,"column":43}},"4":{"start":{"line":17,"column":12},"end":{"line":19,"column":null}},"5":{"start":{"line":18,"column":16},"end":{"line":19,"column":null}},"6":{"start":{"line":19,"column":20},"end":{"line":19,"column":null}},"7":{"start":{"line":22,"column":12},"end":{"line":22,"column":null}},"8":{"start":{"line":26,"column":10},"end":{"line":29,"column":null}},"9":{"start":{"line":27,"column":24},"end":{"line":27,"column":46}},"10":{"start":{"line":28,"column":8},"end":{"line":28,"column":null}},"11":{"start":{"line":29,"column":8},"end":{"line":29,"column":null}},"12":{"start":{"line":32,"column":10},"end":{"line":35,"column":null}},"13":{"start":{"line":33,"column":25},"end":{"line":33,"column":47}},"14":{"start":{"line":34,"column":8},"end":{"line":34,"column":null}},"15":{"start":{"line":35,"column":8},"end":{"line":35,"column":null}},"16":{"start":{"line":38,"column":4},"end":{"line":143,"column":null}},"17":{"start":{"line":48,"column":41},"end":{"line":48,"column":null}},"18":{"start":{"line":56,"column":45},"end":{"line":56,"column":null}},"19":{"start":{"line":62,"column":45},"end":{"line":62,"column":91}},"20":{"start":{"line":92,"column":32},"end":{"line":95,"column":null}},"21":{"start":{"line":93,"column":95},"end":{"line":93,"column":126}},"22":{"start":{"line":104,"column":32},"end":{"line":110,"column":null}},"23":{"start":{"line":109,"column":55},"end":{"line":109,"column":null}},"24":{"start":{"line":125,"column":41},"end":{"line":125,"column":null}},"25":{"start":{"line":134,"column":41},"end":{"line":134,"column":null}},"26":{"start":{"line":141,"column":89},"end":{"line":141,"column":143}},"27":{"start":{"line":142,"column":89},"end":{"line":142,"column":143}},"28":{"start":{"line":143,"column":89},"end":{"line":143,"column":143}}},"fnMap":{"0":{"name":"HeaderSection","decl":{"start":{"line":12,"column":24},"end":{"line":12,"column":38}},"loc":{"start":{"line":12,"column":80},"end":{"line":143,"column":null}},"line":12},"1":{"name":"(anonymous_1)","decl":{"start":{"line":13,"column":10},"end":{"line":13,"column":34}},"loc":{"start":{"line":13,"column":77},"end":{"line":22,"column":null}},"line":13},"2":{"name":"(anonymous_2)","decl":{"start":{"line":17,"column":19},"end":{"line":17,"column":29}},"loc":{"start":{"line":17,"column":36},"end":{"line":19,"column":null}},"line":17},"3":{"name":"(anonymous_3)","decl":{"start":{"line":26,"column":10},"end":{"line":26,"column":31}},"loc":{"start":{"line":26,"column":62},"end":{"line":29,"column":null}},"line":26},"4":{"name":"(anonymous_4)","decl":{"start":{"line":32,"column":10},"end":{"line":32,"column":31}},"loc":{"start":{"line":32,"column":62},"end":{"line":35,"column":null}},"line":32},"5":{"name":"(anonymous_5)","decl":{"start":{"line":48,"column":24},"end":{"line":48,"column":35}},"loc":{"start":{"line":48,"column":41},"end":{"line":48,"column":null}},"line":48},"6":{"name":"(anonymous_6)","decl":{"start":{"line":56,"column":28},"end":{"line":56,"column":39}},"loc":{"start":{"line":56,"column":45},"end":{"line":56,"column":null}},"line":56},"7":{"name":"(anonymous_7)","decl":{"start":{"line":62,"column":28},"end":{"line":62,"column":39}},"loc":{"start":{"line":62,"column":45},"end":{"line":62,"column":91}},"line":62},"8":{"name":"(anonymous_8)","decl":{"start":{"line":91,"column":55},"end":{"line":91,"column":60}},"loc":{"start":{"line":92,"column":32},"end":{"line":95,"column":null}},"line":92},"9":{"name":"(anonymous_9)","decl":{"start":{"line":93,"column":76},"end":{"line":93,"column":87}},"loc":{"start":{"line":93,"column":95},"end":{"line":93,"column":126}},"line":93},"10":{"name":"(anonymous_10)","decl":{"start":{"line":103,"column":39},"end":{"line":103,"column":44}},"loc":{"start":{"line":104,"column":32},"end":{"line":110,"column":null}},"line":104},"11":{"name":"(anonymous_11)","decl":{"start":{"line":109,"column":36},"end":{"line":109,"column":47}},"loc":{"start":{"line":109,"column":55},"end":{"line":109,"column":null}},"line":109},"12":{"name":"(anonymous_12)","decl":{"start":{"line":125,"column":24},"end":{"line":125,"column":35}},"loc":{"start":{"line":125,"column":41},"end":{"line":125,"column":null}},"line":125},"13":{"name":"(anonymous_13)","decl":{"start":{"line":134,"column":24},"end":{"line":134,"column":35}},"loc":{"start":{"line":134,"column":41},"end":{"line":134,"column":null}},"line":134},"14":{"name":"(anonymous_14)","decl":{"start":{"line":141,"column":70},"end":{"line":141,"column":81}},"loc":{"start":{"line":141,"column":89},"end":{"line":141,"column":143}},"line":141},"15":{"name":"(anonymous_15)","decl":{"start":{"line":142,"column":70},"end":{"line":142,"column":81}},"loc":{"start":{"line":142,"column":89},"end":{"line":142,"column":143}},"line":142},"16":{"name":"(anonymous_16)","decl":{"start":{"line":143,"column":70},"end":{"line":143,"column":81}},"loc":{"start":{"line":143,"column":89},"end":{"line":143,"column":143}},"line":143}},"branchMap":{"0":{"loc":{"start":{"line":15,"column":8},"end":{"line":22,"column":null}},"type":"if","locations":[{"start":{"line":15,"column":8},"end":{"line":22,"column":null}},{"start":{},"end":{}}],"line":15},"1":{"loc":{"start":{"line":18,"column":16},"end":{"line":19,"column":null}},"type":"if","locations":[{"start":{"line":18,"column":16},"end":{"line":19,"column":null}},{"start":{},"end":{}}],"line":18},"2":{"loc":{"start":{"line":78,"column":33},"end":{"line":78,"column":null}},"type":"binary-expr","locations":[{"start":{"line":78,"column":33},"end":{"line":78,"column":50}},{"start":{"line":78,"column":50},"end":{"line":78,"column":null}}],"line":78},"3":{"loc":{"start":{"line":125,"column":58},"end":{"line":125,"column":89}},"type":"binary-expr","locations":[{"start":{"line":125,"column":58},"end":{"line":125,"column":82}},{"start":{"line":125,"column":86},"end":{"line":125,"column":89}}],"line":125},"4":{"loc":{"start":{"line":134,"column":58},"end":{"line":134,"column":89}},"type":"binary-expr","locations":[{"start":{"line":134,"column":58},"end":{"line":134,"column":82}},{"start":{"line":134,"column":86},"end":{"line":134,"column":89}}],"line":134}},"s":{"0":7,"1":0,"2":0,"3":0,"4":0,"5":0,"6":0,"7":0,"8":7,"9":0,"10":0,"11":0,"12":7,"13":0,"14":0,"15":0,"16":7,"17":1,"18":0,"19":0,"20":21,"21":0,"22":21,"23":0,"24":0,"25":0,"26":0,"27":0,"28":0},"f":{"0":7,"1":0,"2":0,"3":0,"4":0,"5":1,"6":0,"7":0,"8":21,"9":0,"10":21,"11":0,"12":0,"13":0,"14":0,"15":0,"16":0},"b":{"0":[0,0],"1":[0,0],"2":[7,7],"3":[0,0],"4":[0,0]},"meta":{"lastBranch":5,"lastFunction":17,"lastStatement":29,"seen":{"f:12:24:12:38":0,"s:13:10:22:Infinity":0,"f:13:10:13:34":1,"s:14:21:14:Infinity":1,"b:15:8:22:Infinity:undefined:undefined:undefined:undefined":0,"s:15:8:22:Infinity":2,"s:16:27:16:43":3,"s:17:12:19:Infinity":4,"f:17:19:17:29":2,"b:18:16:19:Infinity:undefined:undefined:undefined:undefined":1,"s:18:16:19:Infinity":5,"s:19:20:19:Infinity":6,"s:22:12:22:Infinity":7,"s:26:10:29:Infinity":8,"f:26:10:26:31":3,"s:27:24:27:46":9,"s:28:8:28:Infinity":10,"s:29:8:29:Infinity":11,"s:32:10:35:Infinity":12,"f:32:10:32:31":4,"s:33:25:33:47":13,"s:34:8:34:Infinity":14,"s:35:8:35:Infinity":15,"s:38:4:143:Infinity":16,"f:48:24:48:35":5,"s:48:41:48:Infinity":17,"f:56:28:56:39":6,"s:56:45:56:Infinity":18,"f:62:28:62:39":7,"s:62:45:62:91":19,"b:78:33:78:50:78:50:78:Infinity":2,"f:91:55:91:60":8,"s:92:32:95:Infinity":20,"f:93:76:93:87":9,"s:93:95:93:126":21,"f:103:39:103:44":10,"s:104:32:110:Infinity":22,"f:109:36:109:47":11,"s:109:55:109:Infinity":23,"f:125:24:125:35":12,"s:125:41:125:Infinity":24,"b:125:58:125:82:125:86:125:89":3,"f:134:24:134:35":13,"s:134:41:134:Infinity":25,"b:134:58:134:82:134:86:134:89":4,"f:141:70:141:81":14,"s:141:89:141:143":26,"f:142:70:142:81":15,"s:142:89:142:143":27,"f:143:70:143:81":16,"s:143:89:143:143":28}}}
,"/home/user/Desktop/gavmor/mhr/src/components/character/MilestonesSection.tsx": {"path":"/home/user/Desktop/gavmor/mhr/src/components/character/MilestonesSection.tsx","statementMap":{"0":{"start":{"line":11,"column":10},"end":{"line":11,"column":68}},"1":{"start":{"line":11,"column":29},"end":{"line":11,"column":68}},"2":{"start":{"line":13,"column":10},"end":{"line":20,"column":null}},"3":{"start":{"line":14,"column":8},"end":{"line":20,"column":null}},"4":{"start":{"line":23,"column":10},"end":{"line":24,"column":null}},"5":{"start":{"line":24,"column":8},"end":{"line":24,"column":null}},"6":{"start":{"line":24,"column":50},"end":{"line":24,"column":89}},"7":{"start":{"line":27,"column":10},"end":{"line":28,"column":null}},"8":{"start":{"line":28,"column":8},"end":{"line":28,"column":null}},"9":{"start":{"line":28,"column":53},"end":{"line":28,"column":65}},"10":{"start":{"line":31,"column":4},"end":{"line":88,"column":null}},"11":{"start":{"line":36,"column":20},"end":{"line":80,"column":null}},"12":{"start":{"line":39,"column":43},"end":{"line":39,"column":64}},"13":{"start":{"line":47,"column":49},"end":{"line":47,"column":96}},"14":{"start":{"line":58,"column":63},"end":{"line":58,"column":null}},"15":{"start":{"line":67,"column":63},"end":{"line":67,"column":null}},"16":{"start":{"line":76,"column":63},"end":{"line":76,"column":null}}},"fnMap":{"0":{"name":"MilestonesSection","decl":{"start":{"line":10,"column":24},"end":{"line":10,"column":42}},"loc":{"start":{"line":10,"column":92},"end":{"line":88,"column":null}},"line":10},"1":{"name":"(anonymous_1)","decl":{"start":{"line":11,"column":10},"end":{"line":11,"column":29}},"loc":{"start":{"line":11,"column":29},"end":{"line":11,"column":68}},"line":11},"2":{"name":"(anonymous_2)","decl":{"start":{"line":13,"column":10},"end":{"line":13,"column":31}},"loc":{"start":{"line":13,"column":31},"end":{"line":20,"column":null}},"line":13},"3":{"name":"(anonymous_3)","decl":{"start":{"line":23,"column":10},"end":{"line":23,"column":29}},"loc":{"start":{"line":23,"column":73},"end":{"line":24,"column":null}},"line":23},"4":{"name":"(anonymous_4)","decl":{"start":{"line":24,"column":28},"end":{"line":24,"column":33}},"loc":{"start":{"line":24,"column":50},"end":{"line":24,"column":89}},"line":24},"5":{"name":"(anonymous_5)","decl":{"start":{"line":27,"column":10},"end":{"line":27,"column":29}},"loc":{"start":{"line":27,"column":44},"end":{"line":28,"column":null}},"line":27},"6":{"name":"(anonymous_6)","decl":{"start":{"line":28,"column":28},"end":{"line":28,"column":36}},"loc":{"start":{"line":28,"column":53},"end":{"line":28,"column":65}},"line":28},"7":{"name":"(anonymous_7)","decl":{"start":{"line":35,"column":28},"end":{"line":35,"column":33}},"loc":{"start":{"line":36,"column":20},"end":{"line":80,"column":null}},"line":36},"8":{"name":"(anonymous_8)","decl":{"start":{"line":39,"column":28},"end":{"line":39,"column":43}},"loc":{"start":{"line":39,"column":43},"end":{"line":39,"column":64}},"line":39},"9":{"name":"(anonymous_9)","decl":{"start":{"line":47,"column":32},"end":{"line":47,"column":43}},"loc":{"start":{"line":47,"column":49},"end":{"line":47,"column":96}},"line":47},"10":{"name":"(anonymous_10)","decl":{"start":{"line":58,"column":36},"end":{"line":58,"column":47}},"loc":{"start":{"line":58,"column":63},"end":{"line":58,"column":null}},"line":58},"11":{"name":"(anonymous_11)","decl":{"start":{"line":67,"column":36},"end":{"line":67,"column":47}},"loc":{"start":{"line":67,"column":63},"end":{"line":67,"column":null}},"line":67},"12":{"name":"(anonymous_12)","decl":{"start":{"line":76,"column":36},"end":{"line":76,"column":47}},"loc":{"start":{"line":76,"column":63},"end":{"line":76,"column":null}},"line":76}},"branchMap":{"0":{"loc":{"start":{"line":24,"column":50},"end":{"line":24,"column":89}},"type":"cond-expr","locations":[{"start":{"line":24,"column":64},"end":{"line":24,"column":87}},{"start":{"line":24,"column":87},"end":{"line":24,"column":89}}],"line":24}},"s":{"0":7,"1":0,"2":7,"3":0,"4":7,"5":0,"6":0,"7":7,"8":0,"9":0,"10":7,"11":6,"12":0,"13":0,"14":0,"15":0,"16":0},"f":{"0":7,"1":0,"2":0,"3":0,"4":0,"5":0,"6":0,"7":6,"8":0,"9":0,"10":0,"11":0,"12":0},"b":{"0":[0,0]},"meta":{"lastBranch":1,"lastFunction":13,"lastStatement":17,"seen":{"f:10:24:10:42":0,"s:11:10:11:68":0,"f:11:10:11:29":1,"s:11:29:11:68":1,"s:13:10:20:Infinity":2,"f:13:10:13:31":2,"s:14:8:20:Infinity":3,"s:23:10:24:Infinity":4,"f:23:10:23:29":3,"s:24:8:24:Infinity":5,"f:24:28:24:33":4,"s:24:50:24:89":6,"b:24:64:24:87:24:87:24:89":0,"s:27:10:28:Infinity":7,"f:27:10:27:29":5,"s:28:8:28:Infinity":8,"f:28:28:28:36":6,"s:28:53:28:65":9,"s:31:4:88:Infinity":10,"f:35:28:35:33":7,"s:36:20:80:Infinity":11,"f:39:28:39:43":8,"s:39:43:39:64":12,"f:47:32:47:43":9,"s:47:49:47:96":13,"f:58:36:58:47":10,"s:58:63:58:Infinity":14,"f:67:36:67:47":11,"s:67:63:67:Infinity":15,"f:76:36:76:47":12,"s:76:63:76:Infinity":16}}}
,"/home/user/Desktop/gavmor/mhr/src/components/character/PowerSetsSection.tsx": {"path":"/home/user/Desktop/gavmor/mhr/src/components/character/PowerSetsSection.tsx","statementMap":{"0":{"start":{"line":12,"column":10},"end":{"line":12,"column":68}},"1":{"start":{"line":12,"column":29},"end":{"line":12,"column":68}},"2":{"start":{"line":14,"column":10},"end":{"line":15,"column":null}},"3":{"start":{"line":15,"column":8},"end":{"line":15,"column":null}},"4":{"start":{"line":15,"column":49},"end":{"line":15,"column":76}},"5":{"start":{"line":18,"column":10},"end":{"line":24,"column":null}},"6":{"start":{"line":19,"column":8},"end":{"line":24,"column":null}},"7":{"start":{"line":27,"column":10},"end":{"line":28,"column":null}},"8":{"start":{"line":28,"column":8},"end":{"line":28,"column":null}},"9":{"start":{"line":28,"column":52},"end":{"line":28,"column":65}},"10":{"start":{"line":31,"column":4},"end":{"line":124,"column":null}},"11":{"start":{"line":36,"column":20},"end":{"line":116,"column":null}},"12":{"start":{"line":39,"column":43},"end":{"line":39,"column":64}},"13":{"start":{"line":48,"column":49},"end":{"line":48,"column":103}},"14":{"start":{"line":56,"column":32},"end":{"line":72,"column":null}},"15":{"start":{"line":59,"column":67},"end":{"line":59,"column":null}},"16":{"start":{"line":59,"column":134},"end":{"line":59,"column":179}},"17":{"start":{"line":65,"column":57},"end":{"line":65,"column":182}},"18":{"start":{"line":65,"column":124},"end":{"line":65,"column":181}},"19":{"start":{"line":70,"column":55},"end":{"line":70,"column":146}},"20":{"start":{"line":70,"column":125},"end":{"line":70,"column":145}},"21":{"start":{"line":77,"column":43},"end":{"line":77,"column":150}},"22":{"start":{"line":83,"column":32},"end":{"line":109,"column":null}},"23":{"start":{"line":87,"column":57},"end":{"line":87,"column":172}},"24":{"start":{"line":87,"column":116},"end":{"line":87,"column":171}},"25":{"start":{"line":96,"column":57},"end":{"line":96,"column":172}},"26":{"start":{"line":96,"column":116},"end":{"line":96,"column":171}},"27":{"start":{"line":103,"column":67},"end":{"line":103,"column":null}},"28":{"start":{"line":103,"column":126},"end":{"line":103,"column":170}},"29":{"start":{"line":107,"column":55},"end":{"line":107,"column":136}},"30":{"start":{"line":107,"column":117},"end":{"line":107,"column":135}},"31":{"start":{"line":114,"column":43},"end":{"line":114,"column":180}}},"fnMap":{"0":{"name":"PowerSetsSection","decl":{"start":{"line":11,"column":24},"end":{"line":11,"column":41}},"loc":{"start":{"line":11,"column":89},"end":{"line":124,"column":null}},"line":11},"1":{"name":"(anonymous_1)","decl":{"start":{"line":12,"column":10},"end":{"line":12,"column":29}},"loc":{"start":{"line":12,"column":29},"end":{"line":12,"column":68}},"line":12},"2":{"name":"(anonymous_2)","decl":{"start":{"line":14,"column":10},"end":{"line":14,"column":28}},"loc":{"start":{"line":14,"column":61},"end":{"line":15,"column":null}},"line":14},"3":{"name":"(anonymous_3)","decl":{"start":{"line":15,"column":27},"end":{"line":15,"column":32}},"loc":{"start":{"line":15,"column":49},"end":{"line":15,"column":76}},"line":15},"4":{"name":"(anonymous_4)","decl":{"start":{"line":18,"column":10},"end":{"line":18,"column":30}},"loc":{"start":{"line":18,"column":30},"end":{"line":24,"column":null}},"line":18},"5":{"name":"(anonymous_5)","decl":{"start":{"line":27,"column":10},"end":{"line":27,"column":28}},"loc":{"start":{"line":27,"column":43},"end":{"line":28,"column":null}},"line":27},"6":{"name":"(anonymous_6)","decl":{"start":{"line":28,"column":27},"end":{"line":28,"column":35}},"loc":{"start":{"line":28,"column":52},"end":{"line":28,"column":65}},"line":28},"7":{"name":"(anonymous_7)","decl":{"start":{"line":35,"column":27},"end":{"line":35,"column":32}},"loc":{"start":{"line":36,"column":20},"end":{"line":116,"column":null}},"line":36},"8":{"name":"(anonymous_8)","decl":{"start":{"line":39,"column":28},"end":{"line":39,"column":43}},"loc":{"start":{"line":39,"column":43},"end":{"line":39,"column":64}},"line":39},"9":{"name":"(anonymous_9)","decl":{"start":{"line":48,"column":32},"end":{"line":48,"column":43}},"loc":{"start":{"line":48,"column":49},"end":{"line":48,"column":103}},"line":48},"10":{"name":"(anonymous_10)","decl":{"start":{"line":55,"column":39},"end":{"line":55,"column":44}},"loc":{"start":{"line":56,"column":32},"end":{"line":72,"column":null}},"line":56},"11":{"name":"(anonymous_11)","decl":{"start":{"line":59,"column":40},"end":{"line":59,"column":51}},"loc":{"start":{"line":59,"column":67},"end":{"line":59,"column":null}},"line":59},"12":{"name":"(anonymous_12)","decl":{"start":{"line":59,"column":116},"end":{"line":59,"column":121}},"loc":{"start":{"line":59,"column":134},"end":{"line":59,"column":179}},"line":59},"13":{"name":"(anonymous_13)","decl":{"start":{"line":65,"column":40},"end":{"line":65,"column":51}},"loc":{"start":{"line":65,"column":57},"end":{"line":65,"column":182}},"line":65},"14":{"name":"(anonymous_14)","decl":{"start":{"line":65,"column":106},"end":{"line":65,"column":111}},"loc":{"start":{"line":65,"column":124},"end":{"line":65,"column":181}},"line":65},"15":{"name":"(anonymous_15)","decl":{"start":{"line":70,"column":40},"end":{"line":70,"column":55}},"loc":{"start":{"line":70,"column":55},"end":{"line":70,"column":146}},"line":70},"16":{"name":"(anonymous_16)","decl":{"start":{"line":70,"column":104},"end":{"line":70,"column":112}},"loc":{"start":{"line":70,"column":125},"end":{"line":70,"column":145}},"line":70},"17":{"name":"(anonymous_17)","decl":{"start":{"line":77,"column":28},"end":{"line":77,"column":43}},"loc":{"start":{"line":77,"column":43},"end":{"line":77,"column":150}},"line":77},"18":{"name":"(anonymous_18)","decl":{"start":{"line":82,"column":36},"end":{"line":82,"column":41}},"loc":{"start":{"line":83,"column":32},"end":{"line":109,"column":null}},"line":83},"19":{"name":"(anonymous_19)","decl":{"start":{"line":87,"column":40},"end":{"line":87,"column":51}},"loc":{"start":{"line":87,"column":57},"end":{"line":87,"column":172}},"line":87},"20":{"name":"(anonymous_20)","decl":{"start":{"line":87,"column":100},"end":{"line":87,"column":105}},"loc":{"start":{"line":87,"column":116},"end":{"line":87,"column":171}},"line":87},"21":{"name":"(anonymous_21)","decl":{"start":{"line":96,"column":40},"end":{"line":96,"column":51}},"loc":{"start":{"line":96,"column":57},"end":{"line":96,"column":172}},"line":96},"22":{"name":"(anonymous_22)","decl":{"start":{"line":96,"column":100},"end":{"line":96,"column":105}},"loc":{"start":{"line":96,"column":116},"end":{"line":96,"column":171}},"line":96},"23":{"name":"(anonymous_23)","decl":{"start":{"line":103,"column":40},"end":{"line":103,"column":51}},"loc":{"start":{"line":103,"column":67},"end":{"line":103,"column":null}},"line":103},"24":{"name":"(anonymous_24)","decl":{"start":{"line":103,"column":110},"end":{"line":103,"column":115}},"loc":{"start":{"line":103,"column":126},"end":{"line":103,"column":170}},"line":103},"25":{"name":"(anonymous_25)","decl":{"start":{"line":107,"column":40},"end":{"line":107,"column":55}},"loc":{"start":{"line":107,"column":55},"end":{"line":107,"column":136}},"line":107},"26":{"name":"(anonymous_26)","decl":{"start":{"line":107,"column":98},"end":{"line":107,"column":106}},"loc":{"start":{"line":107,"column":117},"end":{"line":107,"column":135}},"line":107},"27":{"name":"(anonymous_27)","decl":{"start":{"line":114,"column":28},"end":{"line":114,"column":43}},"loc":{"start":{"line":114,"column":43},"end":{"line":114,"column":180}},"line":114}},"branchMap":{"0":{"loc":{"start":{"line":15,"column":49},"end":{"line":15,"column":76}},"type":"cond-expr","locations":[{"start":{"line":15,"column":64},"end":{"line":15,"column":73}},{"start":{"line":15,"column":73},"end":{"line":15,"column":76}}],"line":15},"1":{"loc":{"start":{"line":36,"column":82},"end":{"line":36,"column":null}},"type":"cond-expr","locations":[{"start":{"line":36,"column":98},"end":{"line":36,"column":118}},{"start":{"line":36,"column":118},"end":{"line":36,"column":null}}],"line":36},"2":{"loc":{"start":{"line":59,"column":134},"end":{"line":59,"column":179}},"type":"cond-expr","locations":[{"start":{"line":59,"column":154},"end":{"line":59,"column":175}},{"start":{"line":59,"column":175},"end":{"line":59,"column":179}}],"line":59},"3":{"loc":{"start":{"line":65,"column":124},"end":{"line":65,"column":181}},"type":"cond-expr","locations":[{"start":{"line":65,"column":144},"end":{"line":65,"column":177}},{"start":{"line":65,"column":177},"end":{"line":65,"column":181}}],"line":65},"4":{"loc":{"start":{"line":87,"column":116},"end":{"line":87,"column":171}},"type":"cond-expr","locations":[{"start":{"line":87,"column":134},"end":{"line":87,"column":167}},{"start":{"line":87,"column":167},"end":{"line":87,"column":171}}],"line":87},"5":{"loc":{"start":{"line":96,"column":116},"end":{"line":96,"column":171}},"type":"cond-expr","locations":[{"start":{"line":96,"column":134},"end":{"line":96,"column":167}},{"start":{"line":96,"column":167},"end":{"line":96,"column":171}}],"line":96},"6":{"loc":{"start":{"line":103,"column":126},"end":{"line":103,"column":170}},"type":"cond-expr","locations":[{"start":{"line":103,"column":144},"end":{"line":103,"column":166}},{"start":{"line":103,"column":166},"end":{"line":103,"column":170}}],"line":103}},"s":{"0":7,"1":0,"2":7,"3":0,"4":0,"5":7,"6":0,"7":7,"8":0,"9":0,"10":7,"11":6,"12":0,"13":0,"14":6,"15":0,"16":0,"17":0,"18":0,"19":0,"20":0,"21":0,"22":12,"23":0,"24":0,"25":0,"26":0,"27":0,"28":0,"29":0,"30":0,"31":0},"f":{"0":7,"1":0,"2":0,"3":0,"4":0,"5":0,"6":0,"7":6,"8":0,"9":0,"10":6,"11":0,"12":0,"13":0,"14":0,"15":0,"16":0,"17":0,"18":12,"19":0,"20":0,"21":0,"22":0,"23":0,"24":0,"25":0,"26":0,"27":0},"b":{"0":[0,0],"1":[6,0],"2":[0,0],"3":[0,0],"4":[0,0],"5":[0,0],"6":[0,0]},"meta":{"lastBranch":7,"lastFunction":28,"lastStatement":32,"seen":{"f:11:24:11:41":0,"s:12:10:12:68":0,"f:12:10:12:29":1,"s:12:29:12:68":1,"s:14:10:15:Infinity":2,"f:14:10:14:28":2,"s:15:8:15:Infinity":3,"f:15:27:15:32":3,"s:15:49:15:76":4,"b:15:64:15:73:15:73:15:76":0,"s:18:10:24:Infinity":5,"f:18:10:18:30":4,"s:19:8:24:Infinity":6,"s:27:10:28:Infinity":7,"f:27:10:27:28":5,"s:28:8:28:Infinity":8,"f:28:27:28:35":6,"s:28:52:28:65":9,"s:31:4:124:Infinity":10,"f:35:27:35:32":7,"s:36:20:116:Infinity":11,"b:36:98:36:118:36:118:36:Infinity":1,"f:39:28:39:43":8,"s:39:43:39:64":12,"f:48:32:48:43":9,"s:48:49:48:103":13,"f:55:39:55:44":10,"s:56:32:72:Infinity":14,"f:59:40:59:51":11,"s:59:67:59:Infinity":15,"f:59:116:59:121":12,"s:59:134:59:179":16,"b:59:154:59:175:59:175:59:179":2,"f:65:40:65:51":13,"s:65:57:65:182":17,"f:65:106:65:111":14,"s:65:124:65:181":18,"b:65:144:65:177:65:177:65:181":3,"f:70:40:70:55":15,"s:70:55:70:146":19,"f:70:104:70:112":16,"s:70:125:70:145":20,"f:77:28:77:43":17,"s:77:43:77:150":21,"f:82:36:82:41":18,"s:83:32:109:Infinity":22,"f:87:40:87:51":19,"s:87:57:87:172":23,"f:87:100:87:105":20,"s:87:116:87:171":24,"b:87:134:87:167:87:167:87:171":4,"f:96:40:96:51":21,"s:96:57:96:172":25,"f:96:100:96:105":22,"s:96:116:96:171":26,"b:96:134:96:167:96:167:96:171":5,"f:103:40:103:51":23,"s:103:67:103:Infinity":27,"f:103:110:103:115":24,"s:103:126:103:170":28,"b:103:144:103:166:103:166:103:170":6,"f:107:40:107:55":25,"s:107:55:107:136":29,"f:107:98:107:106":26,"s:107:117:107:135":30,"f:114:28:114:43":27,"s:114:43:114:180":31}}}
,"/home/user/Desktop/gavmor/mhr/src/components/character/SpecsSection.tsx": {"path":"/home/user/Desktop/gavmor/mhr/src/components/character/SpecsSection.tsx","statementMap":{"0":{"start":{"line":11,"column":10},"end":{"line":11,"column":68}},"1":{"start":{"line":11,"column":29},"end":{"line":11,"column":68}},"2":{"start":{"line":13,"column":10},"end":{"line":14,"column":null}},"3":{"start":{"line":14,"column":8},"end":{"line":14,"column":null}},"4":{"start":{"line":17,"column":10},"end":{"line":18,"column":null}},"5":{"start":{"line":18,"column":8},"end":{"line":18,"column":null}},"6":{"start":{"line":18,"column":52},"end":{"line":18,"column":94}},"7":{"start":{"line":21,"column":10},"end":{"line":22,"column":null}},"8":{"start":{"line":22,"column":8},"end":{"line":22,"column":null}},"9":{"start":{"line":22,"column":55},"end":{"line":22,"column":68}},"10":{"start":{"line":25,"column":4},"end":{"line":49,"column":null}},"11":{"start":{"line":30,"column":20},"end":{"line":43,"column":null}},"12":{"start":{"line":31,"column":75},"end":{"line":31,"column":115}},"13":{"start":{"line":36,"column":45},"end":{"line":36,"column":93}},"14":{"start":{"line":41,"column":43},"end":{"line":41,"column":65}}},"fnMap":{"0":{"name":"SpecsSection","decl":{"start":{"line":10,"column":24},"end":{"line":10,"column":37}},"loc":{"start":{"line":10,"column":83},"end":{"line":49,"column":null}},"line":10},"1":{"name":"(anonymous_1)","decl":{"start":{"line":11,"column":10},"end":{"line":11,"column":29}},"loc":{"start":{"line":11,"column":29},"end":{"line":11,"column":68}},"line":11},"2":{"name":"(anonymous_2)","decl":{"start":{"line":13,"column":10},"end":{"line":13,"column":31}},"loc":{"start":{"line":13,"column":31},"end":{"line":14,"column":null}},"line":13},"3":{"name":"(anonymous_3)","decl":{"start":{"line":17,"column":10},"end":{"line":17,"column":29}},"loc":{"start":{"line":17,"column":73},"end":{"line":18,"column":null}},"line":17},"4":{"name":"(anonymous_4)","decl":{"start":{"line":18,"column":29},"end":{"line":18,"column":34}},"loc":{"start":{"line":18,"column":52},"end":{"line":18,"column":94}},"line":18},"5":{"name":"(anonymous_5)","decl":{"start":{"line":21,"column":10},"end":{"line":21,"column":29}},"loc":{"start":{"line":21,"column":44},"end":{"line":22,"column":null}},"line":21},"6":{"name":"(anonymous_6)","decl":{"start":{"line":22,"column":29},"end":{"line":22,"column":37}},"loc":{"start":{"line":22,"column":55},"end":{"line":22,"column":68}},"line":22},"7":{"name":"(anonymous_7)","decl":{"start":{"line":29,"column":29},"end":{"line":29,"column":34}},"loc":{"start":{"line":30,"column":20},"end":{"line":43,"column":null}},"line":30},"8":{"name":"(anonymous_8)","decl":{"start":{"line":31,"column":48},"end":{"line":31,"column":59}},"loc":{"start":{"line":31,"column":75},"end":{"line":31,"column":115}},"line":31},"9":{"name":"(anonymous_9)","decl":{"start":{"line":36,"column":28},"end":{"line":36,"column":39}},"loc":{"start":{"line":36,"column":45},"end":{"line":36,"column":93}},"line":36},"10":{"name":"(anonymous_10)","decl":{"start":{"line":41,"column":28},"end":{"line":41,"column":43}},"loc":{"start":{"line":41,"column":43},"end":{"line":41,"column":65}},"line":41}},"branchMap":{"0":{"loc":{"start":{"line":18,"column":52},"end":{"line":18,"column":94}},"type":"cond-expr","locations":[{"start":{"line":18,"column":67},"end":{"line":18,"column":91}},{"start":{"line":18,"column":91},"end":{"line":18,"column":94}}],"line":18}},"s":{"0":7,"1":0,"2":7,"3":0,"4":7,"5":0,"6":0,"7":7,"8":0,"9":0,"10":7,"11":12,"12":0,"13":0,"14":0},"f":{"0":7,"1":0,"2":0,"3":0,"4":0,"5":0,"6":0,"7":12,"8":0,"9":0,"10":0},"b":{"0":[0,0]},"meta":{"lastBranch":1,"lastFunction":11,"lastStatement":15,"seen":{"f:10:24:10:37":0,"s:11:10:11:68":0,"f:11:10:11:29":1,"s:11:29:11:68":1,"s:13:10:14:Infinity":2,"f:13:10:13:31":2,"s:14:8:14:Infinity":3,"s:17:10:18:Infinity":4,"f:17:10:17:29":3,"s:18:8:18:Infinity":5,"f:18:29:18:34":4,"s:18:52:18:94":6,"b:18:67:18:91:18:91:18:94":0,"s:21:10:22:Infinity":7,"f:21:10:21:29":5,"s:22:8:22:Infinity":8,"f:22:29:22:37":6,"s:22:55:22:68":9,"s:25:4:49:Infinity":10,"f:29:29:29:34":7,"s:30:20:43:Infinity":11,"f:31:48:31:59":8,"s:31:75:31:115":12,"f:36:28:36:39":9,"s:36:45:36:93":13,"f:41:28:41:43":10,"s:41:43:41:65":14}}}
,"/home/user/Desktop/gavmor/mhr/src/components/character/StressTrack.tsx": {"path":"/home/user/Desktop/gavmor/mhr/src/components/character/StressTrack.tsx","statementMap":{"0":{"start":{"line":11,"column":18},"end":{"line":11,"column":null}},"1":{"start":{"line":12,"column":22},"end":{"line":12,"column":null}},"2":{"start":{"line":14,"column":10},"end":{"line":18,"column":null}},"3":{"start":{"line":15,"column":8},"end":{"line":18,"column":null}},"4":{"start":{"line":16,"column":12},"end":{"line":16,"column":null}},"5":{"start":{"line":18,"column":12},"end":{"line":18,"column":null}},"6":{"start":{"line":22,"column":4},"end":{"line":38,"column":null}},"7":{"start":{"line":26,"column":16},"end":{"line":37,"column":null}},"8":{"start":{"line":29,"column":35},"end":{"line":29,"column":57}}},"fnMap":{"0":{"name":"StressTrack","decl":{"start":{"line":10,"column":24},"end":{"line":10,"column":36}},"loc":{"start":{"line":10,"column":83},"end":{"line":38,"column":null}},"line":10},"1":{"name":"(anonymous_1)","decl":{"start":{"line":14,"column":10},"end":{"line":14,"column":26}},"loc":{"start":{"line":14,"column":51},"end":{"line":18,"column":null}},"line":14},"2":{"name":"(anonymous_2)","decl":{"start":{"line":25,"column":19},"end":{"line":25,"column":24}},"loc":{"start":{"line":26,"column":16},"end":{"line":37,"column":null}},"line":26},"3":{"name":"(anonymous_3)","decl":{"start":{"line":29,"column":20},"end":{"line":29,"column":35}},"loc":{"start":{"line":29,"column":35},"end":{"line":29,"column":57}},"line":29}},"branchMap":{"0":{"loc":{"start":{"line":15,"column":8},"end":{"line":18,"column":null}},"type":"if","locations":[{"start":{"line":15,"column":8},"end":{"line":18,"column":null}},{"start":{"line":17,"column":15},"end":{"line":18,"column":null}}],"line":15},"1":{"loc":{"start":{"line":28,"column":45},"end":{"line":28,"column":79}},"type":"cond-expr","locations":[{"start":{"line":28,"column":65},"end":{"line":28,"column":76}},{"start":{"line":28,"column":76},"end":{"line":28,"column":79}}],"line":28},"2":{"loc":{"start":{"line":33,"column":30},"end":{"line":33,"column":null}},"type":"cond-expr","locations":[{"start":{"line":33,"column":50},"end":{"line":33,"column":62}},{"start":{"line":33,"column":62},"end":{"line":33,"column":null}}],"line":33}},"s":{"0":26,"1":26,"2":26,"3":2,"4":1,"5":1,"6":26,"7":130,"8":2},"f":{"0":26,"1":2,"2":130,"3":2},"b":{"0":[1,1],"1":[6,124],"2":[6,124]},"meta":{"lastBranch":3,"lastFunction":4,"lastStatement":9,"seen":{"f:10:24:10:36":0,"s:11:18:11:Infinity":0,"s:12:22:12:Infinity":1,"s:14:10:18:Infinity":2,"f:14:10:14:26":1,"b:15:8:18:Infinity:17:15:18:Infinity":0,"s:15:8:18:Infinity":3,"s:16:12:16:Infinity":4,"s:18:12:18:Infinity":5,"s:22:4:38:Infinity":6,"f:25:19:25:24":2,"s:26:16:37:Infinity":7,"b:28:65:28:76:28:76:28:79":1,"f:29:20:29:35":3,"s:29:35:29:57":8,"b:33:50:33:62:33:62:33:Infinity":2}}}
,"/home/user/Desktop/gavmor/mhr/src/components/ui/Dice.tsx": {"path":"/home/user/Desktop/gavmor/mhr/src/components/ui/Dice.tsx","statementMap":{"0":{"start":{"line":11,"column":13},"end":{"line":11,"column":null}},"1":{"start":{"line":11,"column":53},"end":{"line":11,"column":null}},"2":{"start":{"line":12,"column":13},"end":{"line":12,"column":null}},"3":{"start":{"line":12,"column":53},"end":{"line":12,"column":null}},"4":{"start":{"line":13,"column":13},"end":{"line":13,"column":null}},"5":{"start":{"line":13,"column":53},"end":{"line":13,"column":null}},"6":{"start":{"line":14,"column":13},"end":{"line":14,"column":null}},"7":{"start":{"line":14,"column":54},"end":{"line":14,"column":null}},"8":{"start":{"line":15,"column":13},"end":{"line":15,"column":null}},"9":{"start":{"line":15,"column":54},"end":{"line":15,"column":null}},"10":{"start":{"line":17,"column":13},"end":{"line":25,"column":null}},"11":{"start":{"line":18,"column":24},"end":{"line":18,"column":null}},"12":{"start":{"line":19,"column":4},"end":{"line":25,"column":null}},"13":{"start":{"line":20,"column":16},"end":{"line":20,"column":null}},"14":{"start":{"line":21,"column":16},"end":{"line":21,"column":null}},"15":{"start":{"line":22,"column":16},"end":{"line":22,"column":null}},"16":{"start":{"line":23,"column":17},"end":{"line":23,"column":null}},"17":{"start":{"line":24,"column":17},"end":{"line":24,"column":null}},"18":{"start":{"line":25,"column":17},"end":{"line":25,"column":null}}},"fnMap":{"0":{"name":"(anonymous_0)","decl":{"start":{"line":11,"column":13},"end":{"line":11,"column":43}},"loc":{"start":{"line":11,"column":53},"end":{"line":11,"column":null}},"line":11},"1":{"name":"(anonymous_1)","decl":{"start":{"line":12,"column":13},"end":{"line":12,"column":43}},"loc":{"start":{"line":12,"column":53},"end":{"line":12,"column":null}},"line":12},"2":{"name":"(anonymous_2)","decl":{"start":{"line":13,"column":13},"end":{"line":13,"column":43}},"loc":{"start":{"line":13,"column":53},"end":{"line":13,"column":null}},"line":13},"3":{"name":"(anonymous_3)","decl":{"start":{"line":14,"column":13},"end":{"line":14,"column":44}},"loc":{"start":{"line":14,"column":54},"end":{"line":14,"column":null}},"line":14},"4":{"name":"(anonymous_4)","decl":{"start":{"line":15,"column":13},"end":{"line":15,"column":44}},"loc":{"start":{"line":15,"column":54},"end":{"line":15,"column":null}},"line":15},"5":{"name":"(anonymous_5)","decl":{"start":{"line":17,"column":13},"end":{"line":17,"column":20}},"loc":{"start":{"line":17,"column":85},"end":{"line":25,"column":null}},"line":17}},"branchMap":{"0":{"loc":{"start":{"line":18,"column":24},"end":{"line":18,"column":null}},"type":"cond-expr","locations":[{"start":{"line":18,"column":51},"end":{"line":18,"column":65}},{"start":{"line":18,"column":68},"end":{"line":18,"column":null}}],"line":18},"1":{"loc":{"start":{"line":19,"column":4},"end":{"line":25,"column":null}},"type":"switch","locations":[{"start":{"line":20,"column":8},"end":{"line":20,"column":null}},{"start":{"line":21,"column":8},"end":{"line":21,"column":null}},{"start":{"line":22,"column":8},"end":{"line":22,"column":null}},{"start":{"line":23,"column":8},"end":{"line":23,"column":null}},{"start":{"line":24,"column":8},"end":{"line":24,"column":null}},{"start":{"line":25,"column":8},"end":{"line":25,"column":null}}],"line":19}},"s":{"0":3,"1":27,"2":3,"3":34,"4":3,"5":53,"6":3,"7":34,"8":3,"9":27,"10":3,"11":177,"12":177,"13":27,"14":34,"15":53,"16":34,"17":27,"18":2},"f":{"0":27,"1":34,"2":53,"3":34,"4":27,"5":177},"b":{"0":[47,130],"1":[27,34,53,34,27,2]},"meta":{"lastBranch":2,"lastFunction":6,"lastStatement":19,"seen":{"s:11:13:11:Infinity":0,"f:11:13:11:43":0,"s:11:53:11:Infinity":1,"s:12:13:12:Infinity":2,"f:12:13:12:43":1,"s:12:53:12:Infinity":3,"s:13:13:13:Infinity":4,"f:13:13:13:43":2,"s:13:53:13:Infinity":5,"s:14:13:14:Infinity":6,"f:14:13:14:44":3,"s:14:54:14:Infinity":7,"s:15:13:15:Infinity":8,"f:15:13:15:44":4,"s:15:54:15:Infinity":9,"s:17:13:25:Infinity":10,"f:17:13:17:20":5,"s:18:24:18:Infinity":11,"b:18:51:18:65:18:68:18:Infinity":0,"b:20:8:20:Infinity:21:8:21:Infinity:22:8:22:Infinity:23:8:23:Infinity:24:8:24:Infinity:25:8:25:Infinity":1,"s:19:4:25:Infinity":12,"s:20:16:20:Infinity":13,"s:21:16:21:Infinity":14,"s:22:16:22:Infinity":15,"s:23:17:23:Infinity":16,"s:24:17:24:Infinity":17,"s:25:17:25:Infinity":18}}}
,"/home/user/Desktop/gavmor/mhr/src/components/ui/DieIcon.tsx": {"path":"/home/user/Desktop/gavmor/mhr/src/components/ui/DieIcon.tsx","statementMap":{"0":{"start":{"line":4,"column":18},"end":{"line":4,"column":null}},"1":{"start":{"line":14,"column":10},"end":{"line":18,"column":null}},"2":{"start":{"line":15,"column":27},"end":{"line":15,"column":51}},"3":{"start":{"line":16,"column":8},"end":{"line":16,"column":null}},"4":{"start":{"line":16,"column":33},"end":{"line":16,"column":null}},"5":{"start":{"line":17,"column":14},"end":{"line":17,"column":null}},"6":{"start":{"line":18,"column":8},"end":{"line":18,"column":null}},"7":{"start":{"line":18,"column":22},"end":{"line":18,"column":null}},"8":{"start":{"line":21,"column":4},"end":{"line":27,"column":null}}},"fnMap":{"0":{"name":"DieIcon","decl":{"start":{"line":13,"column":24},"end":{"line":13,"column":32}},"loc":{"start":{"line":13,"column":103},"end":{"line":27,"column":null}},"line":13},"1":{"name":"(anonymous_1)","decl":{"start":{"line":14,"column":10},"end":{"line":14,"column":27}},"loc":{"start":{"line":14,"column":27},"end":{"line":18,"column":null}},"line":14}},"branchMap":{"0":{"loc":{"start":{"line":13,"column":51},"end":{"line":13,"column":67}},"type":"default-arg","locations":[{"start":{"line":13,"column":63},"end":{"line":13,"column":67}}],"line":13},"1":{"loc":{"start":{"line":13,"column":67},"end":{"line":13,"column":103}},"type":"default-arg","locations":[{"start":{"line":13,"column":74},"end":{"line":13,"column":103}}],"line":13},"2":{"loc":{"start":{"line":16,"column":8},"end":{"line":16,"column":null}},"type":"if","locations":[{"start":{"line":16,"column":8},"end":{"line":16,"column":null}},{"start":{},"end":{}}],"line":16},"3":{"loc":{"start":{"line":18,"column":8},"end":{"line":18,"column":null}},"type":"if","locations":[{"start":{"line":18,"column":8},"end":{"line":18,"column":null}},{"start":{},"end":{}}],"line":18}},"s":{"0":2,"1":47,"2":3,"3":3,"4":2,"5":3,"6":3,"7":3,"8":47},"f":{"0":47,"1":3},"b":{"0":[47],"1":[47],"2":[2,1],"3":[3,0]},"meta":{"lastBranch":4,"lastFunction":2,"lastStatement":9,"seen":{"s:4:18:4:Infinity":0,"f:13:24:13:32":0,"b:13:63:13:67":0,"b:13:74:13:103":1,"s:14:10:18:Infinity":1,"f:14:10:14:27":1,"s:15:27:15:51":2,"b:16:8:16:Infinity:undefined:undefined:undefined:undefined":2,"s:16:8:16:Infinity":3,"s:16:33:16:Infinity":4,"s:17:14:17:Infinity":5,"b:18:8:18:Infinity:undefined:undefined:undefined:undefined":3,"s:18:8:18:Infinity":6,"s:18:22:18:Infinity":7,"s:21:4:27:Infinity":8}}}
,"/home/user/Desktop/gavmor/mhr/src/components/ui/EditableTextarea.tsx": {"path":"/home/user/Desktop/gavmor/mhr/src/components/ui/EditableTextarea.tsx","statementMap":{"0":{"start":{"line":12,"column":10},"end":{"line":12,"column":57}},"1":{"start":{"line":14,"column":10},"end":{"line":18,"column":null}},"2":{"start":{"line":15,"column":19},"end":{"line":15,"column":null}},"3":{"start":{"line":16,"column":8},"end":{"line":18,"column":null}},"4":{"start":{"line":17,"column":12},"end":{"line":17,"column":null}},"5":{"start":{"line":18,"column":12},"end":{"line":18,"column":null}},"6":{"start":{"line":22,"column":4},"end":{"line":24,"column":null}},"7":{"start":{"line":23,"column":8},"end":{"line":23,"column":null}},"8":{"start":{"line":26,"column":4},"end":{"line":37,"column":null}},"9":{"start":{"line":34,"column":16},"end":{"line":34,"column":null}},"10":{"start":{"line":34,"column":30},"end":{"line":34,"column":null}},"11":{"start":{"line":35,"column":16},"end":{"line":35,"column":null}}},"fnMap":{"0":{"name":"EditableTextarea","decl":{"start":{"line":11,"column":24},"end":{"line":11,"column":41}},"loc":{"start":{"line":11,"column":129},"end":{"line":37,"column":null}},"line":11},"1":{"name":"(anonymous_1)","decl":{"start":{"line":14,"column":10},"end":{"line":14,"column":29}},"loc":{"start":{"line":14,"column":29},"end":{"line":18,"column":null}},"line":14},"2":{"name":"(anonymous_2)","decl":{"start":{"line":22,"column":4},"end":{"line":22,"column":20}},"loc":{"start":{"line":22,"column":20},"end":{"line":24,"column":8}},"line":22},"3":{"name":"(anonymous_3)","decl":{"start":{"line":33,"column":12},"end":{"line":33,"column":23}},"loc":{"start":{"line":33,"column":29},"end":{"line":35,"column":null}},"line":33}},"branchMap":{"0":{"loc":{"start":{"line":11,"column":60},"end":{"line":11,"column":76}},"type":"default-arg","locations":[{"start":{"line":11,"column":72},"end":{"line":11,"column":76}}],"line":11},"1":{"loc":{"start":{"line":11,"column":76},"end":{"line":11,"column":94}},"type":"default-arg","locations":[{"start":{"line":11,"column":90},"end":{"line":11,"column":94}}],"line":11},"2":{"loc":{"start":{"line":11,"column":94},"end":{"line":11,"column":129}},"type":"default-arg","locations":[{"start":{"line":11,"column":101},"end":{"line":11,"column":129}}],"line":11},"3":{"loc":{"start":{"line":16,"column":8},"end":{"line":18,"column":null}},"type":"if","locations":[{"start":{"line":16,"column":8},"end":{"line":18,"column":null}},{"start":{},"end":{}}],"line":16},"4":{"loc":{"start":{"line":34,"column":16},"end":{"line":34,"column":null}},"type":"if","locations":[{"start":{"line":34,"column":16},"end":{"line":34,"column":null}},{"start":{},"end":{}}],"line":34}},"s":{"0":55,"1":55,"2":32,"3":32,"4":32,"5":32,"6":55,"7":31,"8":55,"9":1,"10":1,"11":1},"f":{"0":55,"1":32,"2":31,"3":1},"b":{"0":[55],"1":[55],"2":[55],"3":[32,0],"4":[1,0]},"meta":{"lastBranch":5,"lastFunction":4,"lastStatement":12,"seen":{"f:11:24:11:41":0,"b:11:72:11:76":0,"b:11:90:11:94":1,"b:11:101:11:129":2,"s:12:10:12:57":0,"s:14:10:18:Infinity":1,"f:14:10:14:29":1,"s:15:19:15:Infinity":2,"b:16:8:18:Infinity:undefined:undefined:undefined:undefined":3,"s:16:8:18:Infinity":3,"s:17:12:17:Infinity":4,"s:18:12:18:Infinity":5,"s:22:4:24:Infinity":6,"f:22:4:22:20":2,"s:23:8:23:Infinity":7,"s:26:4:37:Infinity":8,"f:33:12:33:23":3,"b:34:16:34:Infinity:undefined:undefined:undefined:undefined":4,"s:34:16:34:Infinity":9,"s:34:30:34:Infinity":10,"s:35:16:35:Infinity":11}}}
,"/home/user/Desktop/gavmor/mhr/src/lib/persistence.ts": {"path":"/home/user/Desktop/gavmor/mhr/src/lib/persistence.ts","statementMap":{"0":{"start":{"line":3,"column":20},"end":{"line":3,"column":null}},"1":{"start":{"line":9,"column":4},"end":{"line":12,"column":null}},"2":{"start":{"line":10,"column":8},"end":{"line":10,"column":null}},"3":{"start":{"line":12,"column":8},"end":{"line":12,"column":null}},"4":{"start":{"line":20,"column":4},"end":{"line":26,"column":null}},"5":{"start":{"line":21,"column":23},"end":{"line":21,"column":56}},"6":{"start":{"line":22,"column":8},"end":{"line":22,"column":null}},"7":{"start":{"line":22,"column":21},"end":{"line":22,"column":null}},"8":{"start":{"line":23,"column":8},"end":{"line":23,"column":null}},"9":{"start":{"line":25,"column":8},"end":{"line":25,"column":null}},"10":{"start":{"line":26,"column":8},"end":{"line":26,"column":null}},"11":{"start":{"line":34,"column":4},"end":{"line":37,"column":null}},"12":{"start":{"line":35,"column":8},"end":{"line":35,"column":null}},"13":{"start":{"line":37,"column":8},"end":{"line":37,"column":null}}},"fnMap":{"0":{"name":"saveCharacterData","decl":{"start":{"line":8,"column":16},"end":{"line":8,"column":34}},"loc":{"start":{"line":8,"column":61},"end":{"line":12,"column":null}},"line":8},"1":{"name":"loadCharacterData","decl":{"start":{"line":19,"column":16},"end":{"line":19,"column":58}},"loc":{"start":{"line":19,"column":58},"end":{"line":26,"column":null}},"line":19},"2":{"name":"clearCharacterData","decl":{"start":{"line":33,"column":16},"end":{"line":33,"column":43}},"loc":{"start":{"line":33,"column":43},"end":{"line":37,"column":null}},"line":33}},"branchMap":{"0":{"loc":{"start":{"line":22,"column":8},"end":{"line":22,"column":null}},"type":"if","locations":[{"start":{"line":22,"column":8},"end":{"line":22,"column":null}},{"start":{},"end":{}}],"line":22}},"s":{"0":1,"1":2,"2":2,"3":1,"4":3,"5":3,"6":3,"7":1,"8":2,"9":1,"10":1,"11":2,"12":2,"13":1},"f":{"0":2,"1":3,"2":2},"b":{"0":[1,2]},"meta":{"lastBranch":1,"lastFunction":3,"lastStatement":14,"seen":{"s:3:20:3:Infinity":0,"f:8:16:8:34":0,"s:9:4:12:Infinity":1,"s:10:8:10:Infinity":2,"s:12:8:12:Infinity":3,"f:19:16:19:58":1,"s:20:4:26:Infinity":4,"s:21:23:21:56":5,"b:22:8:22:Infinity:undefined:undefined:undefined:undefined":0,"s:22:8:22:Infinity":6,"s:22:21:22:Infinity":7,"s:23:8:23:Infinity":8,"s:25:8:25:Infinity":9,"s:26:8:26:Infinity":10,"f:33:16:33:43":2,"s:34:4:37:Infinity":11,"s:35:8:35:Infinity":12,"s:37:8:37:Infinity":13}}}
,"/home/user/Desktop/gavmor/mhr/src/lib/utils.ts": {"path":"/home/user/Desktop/gavmor/mhr/src/lib/utils.ts","statementMap":{"0":{"start":{"line":5,"column":2},"end":{"line":5,"column":null}},"1":{"start":{"line":9,"column":25},"end":{"line":11,"column":null}},"2":{"start":{"line":15,"column":24},"end":{"line":15,"column":null}}},"fnMap":{"0":{"name":"cn","decl":{"start":{"line":4,"column":16},"end":{"line":4,"column":19}},"loc":{"start":{"line":4,"column":44},"end":{"line":5,"column":null}},"line":4}},"branchMap":{},"s":{"0":0,"1":0,"2":0},"f":{"0":0},"b":{},"meta":{"lastBranch":0,"lastFunction":1,"lastStatement":3,"seen":{"f:4:16:4:19":0,"s:5:2:5:Infinity":0,"s:9:25:11:Infinity":1,"s:15:24:15:Infinity":2}}}
}
